2026-07-15 16:00:13 URL:https://genealogiedesdieuxgrecs.com/Genealogie_des_Dieux_grecs/ [9596/9596] -> "genealogiedesdieuxgrecs.com/Genealogie_des_Dieux_grecs/index.html.tmp.tmp" [1]
2026-07-15 16:00:13 URL:https://genealogiedesdieuxgrecs.com/robots.txt [84/84] -> "genealogiedesdieuxgrecs.com/robots.txt" [1]
https://genealogiedesdieuxgrecs.com/Genealogie_des_Dieux_grecs/assets/css/main.css:
Le fichier distant n’existe pas — lien mort.
https://genealogiedesdieuxgrecs.com/Genealogie_des_Dieux_grecs/Genealogie_des_Dieux_grecs/:
Le fichier distant n’existe pas — lien mort.
https://genealogiedesdieuxgrecs.com/Genealogie_des_Dieux_grecs/Genealogie_des_Dieux_grecs/categories/primordial/:
Le fichier distant n’existe pas — lien mort.
https://genealogiedesdieuxgrecs.com/Genealogie_des_Dieux_grecs/Genealogie_des_Dieux_grecs/categories/titan/:
Le fichier distant n’existe pas — lien mort.
https://genealogiedesdieuxgrecs.com/Genealogie_des_Dieux_grecs/Genealogie_des_Dieux_grecs/categories/dieux-et-deesses/:
Le fichier distant n’existe pas — lien mort.
https://genealogiedesdieuxgrecs.com/Genealogie_des_Dieux_grecs/Genealogie_des_Dieux_grecs/categories/monstre/:
Le fichier distant n’existe pas — lien mort.
https://genealogiedesdieuxgrecs.com/Genealogie_des_Dieux_grecs/Genealogie_des_Dieux_grecs/categories/nymphes/:
Le fichier distant n’existe pas — lien mort.
https://genealogiedesdieuxgrecs.com/Genealogie_des_Dieux_grecs/Genealogie_des_Dieux_grecs/categories/muse/:
Le fichier distant n’existe pas — lien mort.
https://genealogiedesdieuxgrecs.com/Genealogie_des_Dieux_grecs/Genealogie_des_Dieux_grecs/categories/oceanide/:
Le fichier distant n’existe pas — lien mort.
https://genealogiedesdieuxgrecs.com/Genealogie_des_Dieux_grecs/Genealogie_des_Dieux_grecs/categories/heros/:
Le fichier distant n’existe pas — lien mort.
https://genealogiedesdieuxgrecs.com/Genealogie_des_Dieux_grecs/Genealogie_des_Dieux_grecs/categories/mortel/:
Le fichier distant n’existe pas — lien mort.
https://genealogiedesdieuxgrecs.com/Genealogie_des_Dieux_grecs/Genealogie_des_Dieux_grecs/categories/divinite-mineure/:
Le fichier distant n’existe pas — lien mort.
https://genealogiedesdieuxgrecs.com/Genealogie_des_Dieux_grecs/Genealogie_des_Dieux_grecs/articles/:
Le fichier distant n’existe pas — lien mort.
https://genealogiedesdieuxgrecs.com/Genealogie_des_Dieux_grecs/Genealogie_des_Dieux_grecs/categories/mythes-et-legendes/:
Le fichier distant n’existe pas — lien mort.
https://genealogiedesdieuxgrecs.com/Genealogie_des_Dieux_grecs/Genealogie_des_Dieux_grecs/contenu-du-site/:
Le fichier distant n’existe pas — lien mort.
2026-07-15 16:00:15 URL:https://genealogiedesdieuxgrecs.com/Genealogie_des_Dieux_grecs/2013/01/les-auteurs-de-la-mythologie-grecque/ [10587/10587] -> "genealogiedesdieuxgrecs.com/Genealogie_des_Dieux_grecs/2013/01/les-auteurs-de-la-mythologie-grecque/index.html.tmp.tmp" [1]
2026-07-15 16:00:15 URL:https://genealogiedesdieuxgrecs.com/Genealogie_des_Dieux_grecs/2011/10/guerre-de-troie/ [13977/13977] -> "genealogiedesdieuxgrecs.com/Genealogie_des_Dieux_grecs/2011/10/guerre-de-troie/index.html.tmp.tmp" [1]
2026-07-15 16:00:16 URL:https://genealogiedesdieuxgrecs.com/genealogie-des-divinites-grecques.html [71331/71331] -> "genealogiedesdieuxgrecs.com/genealogie-des-divinites-grecques.html.tmp.tmp" [1]
URL 2026-07-15 16:00:16 : https://genealogiedesdieuxgrecs.com/wp-content/uploads/Dieux_grecs_ico.jpg 200 OK
unlink: Aucun fichier ou dossier de ce nom
URL 2026-07-15 16:00:16 : https://genealogiedesdieuxgrecs.com/assets/mythologie_grecque.png 200 OK
unlink: Aucun fichier ou dossier de ce nom
https://genealogiedesdieuxgrecs.com/Genealogie_des_Dieux_grecs/Genealogie_des_Dieux_grecs/categories/culture-confiture/:
Le fichier distant n’existe pas — lien mort.
https://genealogiedesdieuxgrecs.com/Genealogie_des_Dieux_grecs/Genealogie_des_Dieux_grecs/contact/:
Le fichier distant n’existe pas — lien mort.
https://genealogiedesdieuxgrecs.com/Genealogie_des_Dieux_grecs/Genealogie_des_Dieux_grecs/mentions-legales/:
Le fichier distant n’existe pas — lien mort.
2026-07-15 16:00:16 URL:https://genealogiedesdieuxgrecs.com/Genealogie_des_Dieux_grecs/categories/primordial/ [10033/10033] -> "genealogiedesdieuxgrecs.com/Genealogie_des_Dieux_grecs/categories/primordial/index.html.tmp.tmp" [1]
2026-07-15 16:00:17 URL:https://genealogiedesdieuxgrecs.com/Genealogie_des_Dieux_grecs/categories/titan/ [12103/12103] -> "genealogiedesdieuxgrecs.com/Genealogie_des_Dieux_grecs/categories/titan/index.html.tmp.tmp" [1]
2026-07-15 16:00:17 URL:https://genealogiedesdieuxgrecs.com/Genealogie_des_Dieux_grecs/categories/dieux-et-deesses/ [17629/17629] -> "genealogiedesdieuxgrecs.com/Genealogie_des_Dieux_grecs/categories/dieux-et-deesses/index.html.tmp.tmp" [1]
2026-07-15 16:00:17 URL:https://genealogiedesdieuxgrecs.com/Genealogie_des_Dieux_grecs/categories/monstre/ [9936/9936] -> "genealogiedesdieuxgrecs.com/Genealogie_des_Dieux_grecs/categories/monstre/index.html.tmp.tmp" [1]
2026-07-15 16:00:17 URL:https://genealogiedesdieuxgrecs.com/Genealogie_des_Dieux_grecs/categories/nymphes/ [11869/11869] -> "genealogiedesdieuxgrecs.com/Genealogie_des_Dieux_grecs/categories/nymphes/index.html.tmp.tmp" [1]
2026-07-15 16:00:17 URL:https://genealogiedesdieuxgrecs.com/Genealogie_des_Dieux_grecs/categories/muse/ [9799/9799] -> "genealogiedesdieuxgrecs.com/Genealogie_des_Dieux_grecs/categories/muse/index.html.tmp.tmp" [1]
2026-07-15 16:00:17 URL:https://genealogiedesdieuxgrecs.com/Genealogie_des_Dieux_grecs/categories/oceanide/ [8509/8509] -> "genealogiedesdieuxgrecs.com/Genealogie_des_Dieux_grecs/categories/oceanide/index.html.tmp.tmp" [1]
2026-07-15 16:00:18 URL:https://genealogiedesdieuxgrecs.com/Genealogie_des_Dieux_grecs/categories/heros/ [9039/9039] -> "genealogiedesdieuxgrecs.com/Genealogie_des_Dieux_grecs/categories/heros/index.html.tmp.tmp" [1]
2026-07-15 16:00:18 URL:https://genealogiedesdieuxgrecs.com/Genealogie_des_Dieux_grecs/categories/mortel/ [9499/9499] -> "genealogiedesdieuxgrecs.com/Genealogie_des_Dieux_grecs/categories/mortel/index.html.tmp.tmp" [1]
2026-07-15 16:00:18 URL:https://genealogiedesdieuxgrecs.com/Genealogie_des_Dieux_grecs/categories/divinite-mineure/ [9928/9928] -> "genealogiedesdieuxgrecs.com/Genealogie_des_Dieux_grecs/categories/divinite-mineure/index.html.tmp.tmp" [1]
https://genealogiedesdieuxgrecs.com/Genealogie_des_Dieux_grecs/genealogie-des-divinites-grecques.html:
Le fichier distant n’existe pas — lien mort.
2026-07-15 16:00:18 URL:https://genealogiedesdieuxgrecs.com/Genealogie_des_Dieux_grecs/articles/ [63543/63543] -> "genealogiedesdieuxgrecs.com/Genealogie_des_Dieux_grecs/articles/index.html.tmp.tmp" [1]
2026-07-15 16:00:18 URL:https://genealogiedesdieuxgrecs.com/Genealogie_des_Dieux_grecs/categories/mythes-et-legendes/ [16378/16378] -> "genealogiedesdieuxgrecs.com/Genealogie_des_Dieux_grecs/categories/mythes-et-legendes/index.html.tmp.tmp" [1]
2026-07-15 16:00:18 URL:https://genealogiedesdieuxgrecs.com/Genealogie_des_Dieux_grecs/contenu-du-site/ [18205/18205] -> "genealogiedesdieuxgrecs.com/Genealogie_des_Dieux_grecs/contenu-du-site/index.html.tmp.tmp" [1]
https://genealogiedesdieuxgrecs.com/Genealogie_des_Dieux_grecs/categories/culture-confiture/:
Le fichier distant n’existe pas — lien mort.
2026-07-15 16:00:19 URL:https://genealogiedesdieuxgrecs.com/Genealogie_des_Dieux_grecs/contact/ [6290/6290] -> "genealogiedesdieuxgrecs.com/Genealogie_des_Dieux_grecs/contact/index.html.tmp.tmp" [1]
2026-07-15 16:00:19 URL:https://genealogiedesdieuxgrecs.com/Genealogie_des_Dieux_grecs/mentions-legales/ [6591/6591] -> "genealogiedesdieuxgrecs.com/Genealogie_des_Dieux_grecs/mentions-legales/index.html.tmp.tmp" [1]
https://genealogiedesdieuxgrecs.com/Genealogie_des_Dieux_grecs/wp-content/uploads/2018/07/LucaGiordano1634-1705LejugementdeParis1685-18686GalleriaPallaviciniRome.jpg:
Le fichier distant n’existe pas — lien mort.
URL 2026-07-15 16:00:19 : https://genealogiedesdieuxgrecs.com/images/spacer.gif 200 OK
unlink: Aucun fichier ou dossier de ce nom
URL 2026-07-15 16:00:19 : https://genealogiedesdieuxgrecs.com/images/Chaos.png 200 OK
unlink: Aucun fichier ou dossier de ce nom
URL 2026-07-15 16:00:19 : https://genealogiedesdieuxgrecs.com/images/Genealogie_des_dieux_Grecs_r2_c1.png 200 OK
unlink: Aucun fichier ou dossier de ce nom
URL 2026-07-15 16:00:19 : https://genealogiedesdieuxgrecs.com/images/Genealogie_des_dieux_Grecs_r3_c1.png 200 OK
unlink: Aucun fichier ou dossier de ce nom
URL 2026-07-15 16:00:20 : https://genealogiedesdieuxgrecs.com/images/Nyx.png 200 OK
unlink: Aucun fichier ou dossier de ce nom
URL 2026-07-15 16:00:20 : https://genealogiedesdieuxgrecs.com/images/Erebe.png 200 OK
unlink: Aucun fichier ou dossier de ce nom
URL 2026-07-15 16:00:20 : https://genealogiedesdieuxgrecs.com/images/Gaia.png 200 OK
unlink: Aucun fichier ou dossier de ce nom
URL 2026-07-15 16:00:20 : https://genealogiedesdieuxgrecs.com/images/Ouranos.png 200 OK
unlink: Aucun fichier ou dossier de ce nom
URL 2026-07-15 16:00:20 : https://genealogiedesdieuxgrecs.com/images/Genealogie_des_dieux_Grecs_r3_c67.png 200 OK
unlink: Aucun fichier ou dossier de ce nom
URL 2026-07-15 16:00:20 : https://genealogiedesdieuxgrecs.com/images/Genealogie_des_dieux_Grecs_r4_c19.png 200 OK
unlink: Aucun fichier ou dossier de ce nom
URL 2026-07-15 16:00:20 : https://genealogiedesdieuxgrecs.com/images/Pontos.png 200 OK
unlink: Aucun fichier ou dossier de ce nom
URL 2026-07-15 16:00:20 : https://genealogiedesdieuxgrecs.com/images/Genealogie_des_dieux_Grecs_r4_c62.png 200 OK
unlink: Aucun fichier ou dossier de ce nom
URL 2026-07-15 16:00:21 : https://genealogiedesdieuxgrecs.com/images/Phorcys.png 200 OK
unlink: Aucun fichier ou dossier de ce nom
URL 2026-07-15 16:00:21 : https://genealogiedesdieuxgrecs.com/images/Ceto.png 200 OK
unlink: Aucun fichier ou dossier de ce nom
URL 2026-07-15 16:00:21 : https://genealogiedesdieuxgrecs.com/images/Genealogie_des_dieux_Grecs_r6_c1.png 200 OK
unlink: Aucun fichier ou dossier de ce nom
URL 2026-07-15 16:00:21 : https://genealogiedesdieuxgrecs.com/images/Apate.png 200 OK
unlink: Aucun fichier ou dossier de ce nom
URL 2026-07-15 16:00:21 : https://genealogiedesdieuxgrecs.com/images/Eris.png 200 OK
unlink: Aucun fichier ou dossier de ce nom
URL 2026-07-15 16:00:21 : https://genealogiedesdieuxgrecs.com/images/Genealogie_des_dieux_Grecs_r6_c7.png 200 OK
unlink: Aucun fichier ou dossier de ce nom
URL 2026-07-15 16:00:21 : https://genealogiedesdieuxgrecs.com/images/Genealogie_des_dieux_Grecs_r6_c13.png 200 OK
unlink: Aucun fichier ou dossier de ce nom
URL 2026-07-15 16:00:22 : https://genealogiedesdieuxgrecs.com/images/AEther.png 200 OK
unlink: Aucun fichier ou dossier de ce nom
URL 2026-07-15 16:00:22 : https://genealogiedesdieuxgrecs.com/images/Hemera.png 200 OK
unlink: Aucun fichier ou dossier de ce nom
URL 2026-07-15 16:00:22 : https://genealogiedesdieuxgrecs.com/images/Genealogie_des_dieux_Grecs_r6_c40.png 200 OK
unlink: Aucun fichier ou dossier de ce nom
URL 2026-07-15 16:00:22 : https://genealogiedesdieuxgrecs.com/images/Genealogie_des_dieux_Grecs_r6_c67.png 200 OK
unlink: Aucun fichier ou dossier de ce nom
URL 2026-07-15 16:00:22 : https://genealogiedesdieuxgrecs.com/images/Les_Erinynes.png 200 OK
unlink: Aucun fichier ou dossier de ce nom
URL 2026-07-15 16:00:22 : https://genealogiedesdieuxgrecs.com/images/Les_Meliades.png 200 OK
unlink: Aucun fichier ou dossier de ce nom
URL 2026-07-15 16:00:22 : https://genealogiedesdieuxgrecs.com/images/Genealogie_des_dieux_Grecs_r6_c90.png 200 OK
unlink: Aucun fichier ou dossier de ce nom
URL 2026-07-15 16:00:22 : https://genealogiedesdieuxgrecs.com/images/Dolos.png 200 OK
unlink: Aucun fichier ou dossier de ce nom
URL 2026-07-15 16:00:23 : https://genealogiedesdieuxgrecs.com/images/Les_Gorgones.png 200 OK
unlink: Aucun fichier ou dossier de ce nom
URL 2026-07-15 16:00:23 : https://genealogiedesdieuxgrecs.com/images/Enfants_de_Eris.gif 200 OK
unlink: Aucun fichier ou dossier de ce nom
URL 2026-07-15 16:00:23 : https://genealogiedesdieuxgrecs.com/images/Genealogie_des_dieux_Grecs_r8_c26.png 200 OK
unlink: Aucun fichier ou dossier de ce nom
URL 2026-07-15 16:00:23 : https://genealogiedesdieuxgrecs.com/images/Les_Cyclopes.png 200 OK
unlink: Aucun fichier ou dossier de ce nom
URL 2026-07-15 16:00:23 : https://genealogiedesdieuxgrecs.com/images/Les_Hecatonchires.png 200 OK
unlink: Aucun fichier ou dossier de ce nom
URL 2026-07-15 16:00:23 : https://genealogiedesdieuxgrecs.com/images/Geras.png 200 OK
unlink: Aucun fichier ou dossier de ce nom
URL 2026-07-15 16:00:23 : https://genealogiedesdieuxgrecs.com/images/Keres.png 200 OK
unlink: Aucun fichier ou dossier de ce nom
URL 2026-07-15 16:00:23 : https://genealogiedesdieuxgrecs.com/images/Genealogie_des_dieux_Grecs_r9_c19.png 200 OK
unlink: Aucun fichier ou dossier de ce nom
URL 2026-07-15 16:00:24 : https://genealogiedesdieuxgrecs.com/images/Genealogie_des_dieux_Grecs_r10_c67.png 200 OK
unlink: Aucun fichier ou dossier de ce nom
URL 2026-07-15 16:00:24 : https://genealogiedesdieuxgrecs.com/images/Mnemosine.png 200 OK
unlink: Aucun fichier ou dossier de ce nom
URL 2026-07-15 16:00:24 : https://genealogiedesdieuxgrecs.com/images/Genealogie_des_dieux_Grecs_r10_c79.png 200 OK
unlink: Aucun fichier ou dossier de ce nom
URL 2026-07-15 16:00:24 : https://genealogiedesdieuxgrecs.com/images/Hypnos.png 200 OK
unlink: Aucun fichier ou dossier de ce nom
URL 2026-07-15 16:00:24 : https://genealogiedesdieuxgrecs.com/images/Oneiroi.png 200 OK
unlink: Aucun fichier ou dossier de ce nom
URL 2026-07-15 16:00:24 : https://genealogiedesdieuxgrecs.com/images/Crios.png 200 OK
unlink: Aucun fichier ou dossier de ce nom
URL 2026-07-15 16:00:24 : https://genealogiedesdieuxgrecs.com/images/Genealogie_des_dieux_Grecs_r12_c35.png 200 OK
unlink: Aucun fichier ou dossier de ce nom
URL 2026-07-15 16:00:24 : https://genealogiedesdieuxgrecs.com/images/Aphrodite.png 200 OK
unlink: Aucun fichier ou dossier de ce nom
URL 2026-07-15 16:00:25 : https://genealogiedesdieuxgrecs.com/images/Genealogie_des_dieux_Grecs_r12_c84.png 200 OK
unlink: Aucun fichier ou dossier de ce nom
URL 2026-07-15 16:00:25 : https://genealogiedesdieuxgrecs.com/images/Lyssa.png 200 OK
unlink: Aucun fichier ou dossier de ce nom
URL 2026-07-15 16:00:25 : https://genealogiedesdieuxgrecs.com/images/Theia.png 200 OK
unlink: Aucun fichier ou dossier de ce nom
URL 2026-07-15 16:00:25 : https://genealogiedesdieuxgrecs.com/images/Hyperion.png 200 OK
unlink: Aucun fichier ou dossier de ce nom
URL 2026-07-15 16:00:25 : https://genealogiedesdieuxgrecs.com/images/Genealogie_des_dieux_Grecs_r14_c77.png 200 OK
unlink: Aucun fichier ou dossier de ce nom
URL 2026-07-15 16:00:25 : https://genealogiedesdieuxgrecs.com/images/Moira.png 200 OK
unlink: Aucun fichier ou dossier de ce nom
URL 2026-07-15 16:00:25 : https://genealogiedesdieuxgrecs.com/images/Charon.png 200 OK
unlink: Aucun fichier ou dossier de ce nom
URL 2026-07-15 16:00:25 : https://genealogiedesdieuxgrecs.com/images/Les_Moires.png 200 OK
unlink: Aucun fichier ou dossier de ce nom
URL 2026-07-15 16:00:26 : https://genealogiedesdieuxgrecs.com/images/Eros.png 200 OK
unlink: Aucun fichier ou dossier de ce nom
URL 2026-07-15 16:00:26 : https://genealogiedesdieuxgrecs.com/images/Momos.png 200 OK
unlink: Aucun fichier ou dossier de ce nom
URL 2026-07-15 16:00:26 : https://genealogiedesdieuxgrecs.com/images/Genealogie_des_dieux_Grecs_r18_c67.png 200 OK
unlink: Aucun fichier ou dossier de ce nom
URL 2026-07-15 16:00:26 : https://genealogiedesdieuxgrecs.com/images/Genealogie_des_dieux_Grecs_r19_c84.png 200 OK
unlink: Aucun fichier ou dossier de ce nom
URL 2026-07-15 16:00:26 : https://genealogiedesdieuxgrecs.com/images/Les_Geants.png 200 OK
unlink: Aucun fichier ou dossier de ce nom
URL 2026-07-15 16:00:26 : https://genealogiedesdieuxgrecs.com/images/Genealogie_des_dieux_Grecs_r19_c89.png 200 OK
unlink: Aucun fichier ou dossier de ce nom
URL 2026-07-15 16:00:26 : https://genealogiedesdieuxgrecs.com/images/Moros.png 200 OK
unlink: Aucun fichier ou dossier de ce nom
URL 2026-07-15 16:00:26 : https://genealogiedesdieuxgrecs.com/images/Genealogie_des_dieux_Grecs_r21_c4.png 200 OK
unlink: Aucun fichier ou dossier de ce nom
URL 2026-07-15 16:00:27 : https://genealogiedesdieuxgrecs.com/images/Genealogie_des_dieux_Grecs_r22_c26.png 200 OK
unlink: Aucun fichier ou dossier de ce nom
URL 2026-07-15 16:00:27 : https://genealogiedesdieuxgrecs.com/images/Genealogie_des_dieux_Grecs_r23_c79.png 200 OK
unlink: Aucun fichier ou dossier de ce nom
URL 2026-07-15 16:00:27 : https://genealogiedesdieuxgrecs.com/images/Nemesis.png 200 OK
unlink: Aucun fichier ou dossier de ce nom
URL 2026-07-15 16:00:27 : https://genealogiedesdieuxgrecs.com/images/Oizes.png 200 OK
unlink: Aucun fichier ou dossier de ce nom
URL 2026-07-15 16:00:27 : https://genealogiedesdieuxgrecs.com/images/Genealogie_des_dieux_Grecs_r25_c14.png 200 OK
unlink: Aucun fichier ou dossier de ce nom
URL 2026-07-15 16:00:27 : https://genealogiedesdieuxgrecs.com/images/Les_Hesperides.png 200 OK
unlink: Aucun fichier ou dossier de ce nom
URL 2026-07-15 16:00:27 : https://genealogiedesdieuxgrecs.com/images/Cronos.png 200 OK
unlink: Aucun fichier ou dossier de ce nom
URL 2026-07-15 16:00:27 : https://genealogiedesdieuxgrecs.com/images/Rhea.png 200 OK
unlink: Aucun fichier ou dossier de ce nom
URL 2026-07-15 16:00:28 : https://genealogiedesdieuxgrecs.com/images/Genealogie_des_dieux_Grecs_r25_c47.png 200 OK
unlink: Aucun fichier ou dossier de ce nom
URL 2026-07-15 16:00:28 : https://genealogiedesdieuxgrecs.com/images/Helios.png 200 OK
unlink: Aucun fichier ou dossier de ce nom
URL 2026-07-15 16:00:28 : https://genealogiedesdieuxgrecs.com/images/Selene.png 200 OK
unlink: Aucun fichier ou dossier de ce nom
URL 2026-07-15 16:00:28 : https://genealogiedesdieuxgrecs.com/images/Eos.png 200 OK
unlink: Aucun fichier ou dossier de ce nom
URL 2026-07-15 16:00:28 : https://genealogiedesdieuxgrecs.com/images/Genealogie_des_dieux_Grecs_r25_c77.png 200 OK
unlink: Aucun fichier ou dossier de ce nom
URL 2026-07-15 16:00:28 : https://genealogiedesdieuxgrecs.com/images/Philotes.png 200 OK
unlink: Aucun fichier ou dossier de ce nom
URL 2026-07-15 16:00:28 : https://genealogiedesdieuxgrecs.com/images/Genealogie_des_dieux_Grecs_r27_c67.png 200 OK
unlink: Aucun fichier ou dossier de ce nom
URL 2026-07-15 16:00:28 : https://genealogiedesdieuxgrecs.com/images/Genealogie_des_dieux_Grecs_r28_c62.png 200 OK
unlink: Aucun fichier ou dossier de ce nom
URL 2026-07-15 16:00:29 : https://genealogiedesdieuxgrecs.com/images/Thanatos.png 200 OK
unlink: Aucun fichier ou dossier de ce nom
URL 2026-07-15 16:00:29 : https://genealogiedesdieuxgrecs.com/images/Genealogie_des_dieux_Grecs_r30_c21.png 200 OK
unlink: Aucun fichier ou dossier de ce nom
URL 2026-07-15 16:00:29 : https://genealogiedesdieuxgrecs.com/images/Pheobe.png 200 OK
unlink: Aucun fichier ou dossier de ce nom
URL 2026-07-15 16:00:29 : https://genealogiedesdieuxgrecs.com/images/Coeos.png 200 OK
unlink: Aucun fichier ou dossier de ce nom
URL 2026-07-15 16:00:29 : https://genealogiedesdieuxgrecs.com/images/Ocean.png 200 OK
unlink: Aucun fichier ou dossier de ce nom
URL 2026-07-15 16:00:29 : https://genealogiedesdieuxgrecs.com/images/Thetys.png 200 OK
unlink: Aucun fichier ou dossier de ce nom
URL 2026-07-15 16:00:29 : https://genealogiedesdieuxgrecs.com/images/Themis.png 200 OK
unlink: Aucun fichier ou dossier de ce nom
URL 2026-07-15 16:00:30 : https://genealogiedesdieuxgrecs.com/images/Japet.png 200 OK
unlink: Aucun fichier ou dossier de ce nom
URL 2026-07-15 16:00:30 : https://genealogiedesdieuxgrecs.com/images/Genealogie_des_dieux_Grecs_r30_c68.png 200 OK
unlink: Aucun fichier ou dossier de ce nom
URL 2026-07-15 16:00:30 : https://genealogiedesdieuxgrecs.com/images/Calliope.png 200 OK
unlink: Aucun fichier ou dossier de ce nom
URL 2026-07-15 16:00:30 : https://genealogiedesdieuxgrecs.com/images/Genealogie_des_dieux_Grecs_r30_c82.png 200 OK
unlink: Aucun fichier ou dossier de ce nom
URL 2026-07-15 16:00:30 : https://genealogiedesdieuxgrecs.com/images/Genealogie_des_dieux_Grecs_r31_c2.png 200 OK
unlink: Aucun fichier ou dossier de ce nom
URL 2026-07-15 16:00:30 : https://genealogiedesdieuxgrecs.com/images/Clio.png 200 OK
unlink: Aucun fichier ou dossier de ce nom
URL 2026-07-15 16:00:30 : https://genealogiedesdieuxgrecs.com/images/Erato.png 200 OK
unlink: Aucun fichier ou dossier de ce nom
URL 2026-07-15 16:00:31 : https://genealogiedesdieuxgrecs.com/images/Genealogie_des_dieux_Grecs_r34_c44.png 200 OK
unlink: Aucun fichier ou dossier de ce nom
URL 2026-07-15 16:00:31 : https://genealogiedesdieuxgrecs.com/images/Euterpe.png 200 OK
unlink: Aucun fichier ou dossier de ce nom
URL 2026-07-15 16:00:31 : https://genealogiedesdieuxgrecs.com/images/Genealogie_des_dieux_Grecs_r36_c2.png 200 OK
unlink: Aucun fichier ou dossier de ce nom
URL 2026-07-15 16:00:31 : https://genealogiedesdieuxgrecs.com/images/Hestia.png 200 OK
unlink: Aucun fichier ou dossier de ce nom
URL 2026-07-15 16:00:31 : https://genealogiedesdieuxgrecs.com/images/Genealogie_des_dieux_Grecs_r36_c6.png 200 OK
unlink: Aucun fichier ou dossier de ce nom
URL 2026-07-15 16:00:31 : https://genealogiedesdieuxgrecs.com/images/Melpomene.png 200 OK
unlink: Aucun fichier ou dossier de ce nom
URL 2026-07-15 16:00:31 : https://genealogiedesdieuxgrecs.com/images/Genealogie_des_dieux_Grecs_r38_c6.png 200 OK
unlink: Aucun fichier ou dossier de ce nom
URL 2026-07-15 16:00:31 : https://genealogiedesdieuxgrecs.com/images/Asteria.png 200 OK
unlink: Aucun fichier ou dossier de ce nom
URL 2026-07-15 16:00:32 : https://genealogiedesdieuxgrecs.com/images/Genealogie_des_dieux_Grecs_r38_c58.png 200 OK
unlink: Aucun fichier ou dossier de ce nom
URL 2026-07-15 16:00:32 : https://genealogiedesdieuxgrecs.com/images/Polymnie.png 200 OK
unlink: Aucun fichier ou dossier de ce nom
URL 2026-07-15 16:00:32 : https://genealogiedesdieuxgrecs.com/images/Genealogie_des_dieux_Grecs_r39_c3.png 200 OK
unlink: Aucun fichier ou dossier de ce nom
URL 2026-07-15 16:00:32 : https://genealogiedesdieuxgrecs.com/images/Terpsichore.png 200 OK
unlink: Aucun fichier ou dossier de ce nom
URL 2026-07-15 16:00:32 : https://genealogiedesdieuxgrecs.com/images/Genealogie_des_dieux_Grecs_r41_c6.png 200 OK
unlink: Aucun fichier ou dossier de ce nom
URL 2026-07-15 16:00:32 : https://genealogiedesdieuxgrecs.com/images/Hades.png 200 OK
unlink: Aucun fichier ou dossier de ce nom
URL 2026-07-15 16:00:32 : https://genealogiedesdieuxgrecs.com/images/Genealogie_des_dieux_Grecs_r41_c23.png 200 OK
unlink: Aucun fichier ou dossier de ce nom
URL 2026-07-15 16:00:33 : https://genealogiedesdieuxgrecs.com/images/Thalie.png 200 OK
unlink: Aucun fichier ou dossier de ce nom
URL 2026-07-15 16:00:33 : https://genealogiedesdieuxgrecs.com/images/Genealogie_des_dieux_Grecs_r43_c15.png 200 OK
unlink: Aucun fichier ou dossier de ce nom
URL 2026-07-15 16:00:33 : https://genealogiedesdieuxgrecs.com/images/Uranie.png 200 OK
unlink: Aucun fichier ou dossier de ce nom
URL 2026-07-15 16:00:33 : https://genealogiedesdieuxgrecs.com/images/Genealogie_des_dieux_Grecs_r45_c78.png 200 OK
unlink: Aucun fichier ou dossier de ce nom
URL 2026-07-15 16:00:33 : https://genealogiedesdieuxgrecs.com/images/Genealogie_des_dieux_Grecs_r46_c6.png 200 OK
unlink: Aucun fichier ou dossier de ce nom
URL 2026-07-15 16:00:33 : https://genealogiedesdieuxgrecs.com/images/Poseidon.png 200 OK
unlink: Aucun fichier ou dossier de ce nom
URL 2026-07-15 16:00:33 : https://genealogiedesdieuxgrecs.com/images/Hera.png 200 OK
unlink: Aucun fichier ou dossier de ce nom
URL 2026-07-15 16:00:33 : https://genealogiedesdieuxgrecs.com/images/Alcmene.png 200 OK
unlink: Aucun fichier ou dossier de ce nom
URL 2026-07-15 16:00:33 : https://genealogiedesdieuxgrecs.com/images/Genealogie_des_dieux_Grecs_r46_c25.png 200 OK
unlink: Aucun fichier ou dossier de ce nom
URL 2026-07-15 16:00:34 : https://genealogiedesdieuxgrecs.com/images/Zeus.png 200 OK
unlink: Aucun fichier ou dossier de ce nom
URL 2026-07-15 16:00:34 : https://genealogiedesdieuxgrecs.com/images/Demeter.png 200 OK
unlink: Aucun fichier ou dossier de ce nom
URL 2026-07-15 16:00:34 : https://genealogiedesdieuxgrecs.com/images/Leto.png 200 OK
unlink: Aucun fichier ou dossier de ce nom
URL 2026-07-15 16:00:34 : https://genealogiedesdieuxgrecs.com/images/Metis.png 200 OK
unlink: Aucun fichier ou dossier de ce nom
URL 2026-07-15 16:00:34 : https://genealogiedesdieuxgrecs.com/images/Plelone.png 200 OK
unlink: Aucun fichier ou dossier de ce nom
URL 2026-07-15 16:00:34 : https://genealogiedesdieuxgrecs.com/images/Clymene.png 200 OK
unlink: Aucun fichier ou dossier de ce nom
URL 2026-07-15 16:00:34 : https://genealogiedesdieuxgrecs.com/images/Atlas.png 200 OK
unlink: Aucun fichier ou dossier de ce nom
URL 2026-07-15 16:00:34 : https://genealogiedesdieuxgrecs.com/images/Genealogie_des_dieux_Grecs_r46_c69.png 200 OK
unlink: Aucun fichier ou dossier de ce nom
URL 2026-07-15 16:00:35 : https://genealogiedesdieuxgrecs.com/images/Genealogie_des_dieux_Grecs_r47_c9.png 200 OK
unlink: Aucun fichier ou dossier de ce nom
URL 2026-07-15 16:00:35 : https://genealogiedesdieuxgrecs.com/images/Danae.png 200 OK
unlink: Aucun fichier ou dossier de ce nom
URL 2026-07-15 16:00:35 : https://genealogiedesdieuxgrecs.com/images/Persephone.png 200 OK
unlink: Aucun fichier ou dossier de ce nom
URL 2026-07-15 16:00:35 : https://genealogiedesdieuxgrecs.com/images/Genealogie_des_dieux_Grecs_r47_c46.png 200 OK
unlink: Aucun fichier ou dossier de ce nom
URL 2026-07-15 16:00:35 : https://genealogiedesdieuxgrecs.com/images/Hecate.png 200 OK
unlink: Aucun fichier ou dossier de ce nom
URL 2026-07-15 16:00:35 : https://genealogiedesdieuxgrecs.com/images/Genealogie_des_dieux_Grecs_r47_c57.png 200 OK
unlink: Aucun fichier ou dossier de ce nom
URL 2026-07-15 16:00:35 : https://genealogiedesdieuxgrecs.com/images/Genealogie_des_dieux_Grecs_r48_c87.png 200 OK
unlink: Aucun fichier ou dossier de ce nom
URL 2026-07-15 16:00:35 : https://genealogiedesdieuxgrecs.com/images/Genealogie_des_dieux_Grecs_r49_c24.png 200 OK
unlink: Aucun fichier ou dossier de ce nom
URL 2026-07-15 16:00:36 : https://genealogiedesdieuxgrecs.com/images/Genealogie_des_dieux_Grecs_r50_c9.png 200 OK
unlink: Aucun fichier ou dossier de ce nom
URL 2026-07-15 16:00:36 : https://genealogiedesdieuxgrecs.com/images/Heracles.png 200 OK
unlink: Aucun fichier ou dossier de ce nom
URL 2026-07-15 16:00:36 : https://genealogiedesdieuxgrecs.com/images/Persee.png 200 OK
unlink: Aucun fichier ou dossier de ce nom
URL 2026-07-15 16:00:36 : https://genealogiedesdieuxgrecs.com/images/Genealogie_des_dieux_Grecs_r50_c36.png 200 OK
unlink: Aucun fichier ou dossier de ce nom
URL 2026-07-15 16:00:36 : https://genealogiedesdieuxgrecs.com/images/Athena.png 200 OK
unlink: Aucun fichier ou dossier de ce nom
URL 2026-07-15 16:00:36 : https://genealogiedesdieuxgrecs.com/images/Genealogie_des_dieux_Grecs_r50_c48.png 200 OK
unlink: Aucun fichier ou dossier de ce nom
URL 2026-07-15 16:00:36 : https://genealogiedesdieuxgrecs.com/images/Genealogie_des_dieux_Grecs_r51_c20.png 200 OK
unlink: Aucun fichier ou dossier de ce nom
URL 2026-07-15 16:00:36 : https://genealogiedesdieuxgrecs.com/images/Genealogie_des_dieux_Grecs_r51_c35.png 200 OK
unlink: Aucun fichier ou dossier de ce nom
URL 2026-07-15 16:00:37 : https://genealogiedesdieuxgrecs.com/images/Genealogie_des_dieux_Grecs_r52_c35.png 200 OK
unlink: Aucun fichier ou dossier de ce nom
URL 2026-07-15 16:00:37 : https://genealogiedesdieuxgrecs.com/images/Promethee.png 200 OK
unlink: Aucun fichier ou dossier de ce nom
URL 2026-07-15 16:00:37 : https://genealogiedesdieuxgrecs.com/images/Genealogie_des_dieux_Grecs_r52_c85.png 200 OK
unlink: Aucun fichier ou dossier de ce nom
URL 2026-07-15 16:00:37 : https://genealogiedesdieuxgrecs.com/images/Artemis.png 200 OK
unlink: Aucun fichier ou dossier de ce nom
URL 2026-07-15 16:00:37 : https://genealogiedesdieuxgrecs.com/images/Genealogie_des_dieux_Grecs_r53_c42.png 200 OK
unlink: Aucun fichier ou dossier de ce nom
URL 2026-07-15 16:00:37 : https://genealogiedesdieuxgrecs.com/images/Ares.png 200 OK
unlink: Aucun fichier ou dossier de ce nom
URL 2026-07-15 16:00:37 : https://genealogiedesdieuxgrecs.com/images/Ilithye.png 200 OK
unlink: Aucun fichier ou dossier de ce nom
URL 2026-07-15 16:00:37 : https://genealogiedesdieuxgrecs.com/images/Hebe.png 200 OK
unlink: Aucun fichier ou dossier de ce nom
URL 2026-07-15 16:00:37 : https://genealogiedesdieuxgrecs.com/images/Hephaistos.png 200 OK
unlink: Aucun fichier ou dossier de ce nom
URL 2026-07-15 16:00:38 : https://genealogiedesdieuxgrecs.com/images/Genealogie_des_dieux_Grecs_r54_c33.png 200 OK
unlink: Aucun fichier ou dossier de ce nom
URL 2026-07-15 16:00:38 : https://genealogiedesdieuxgrecs.com/images/Enarete.png 200 OK
unlink: Aucun fichier ou dossier de ce nom
URL 2026-07-15 16:00:38 : https://genealogiedesdieuxgrecs.com/images/Eole.png 200 OK
unlink: Aucun fichier ou dossier de ce nom
URL 2026-07-15 16:00:38 : https://genealogiedesdieuxgrecs.com/images/Genealogie_des_dieux_Grecs_r55_c10.png 200 OK
unlink: Aucun fichier ou dossier de ce nom
URL 2026-07-15 16:00:38 : https://genealogiedesdieuxgrecs.com/images/Apollon.png 200 OK
unlink: Aucun fichier ou dossier de ce nom
URL 2026-07-15 16:00:38 : https://genealogiedesdieuxgrecs.com/images/Coronis.png 200 OK
unlink: Aucun fichier ou dossier de ce nom
URL 2026-07-15 16:00:38 : https://genealogiedesdieuxgrecs.com/images/Genealogie_des_dieux_Grecs_r55_c60.png 200 OK
unlink: Aucun fichier ou dossier de ce nom
URL 2026-07-15 16:00:38 : https://genealogiedesdieuxgrecs.com/images/Pandore.png 200 OK
unlink: Aucun fichier ou dossier de ce nom
URL 2026-07-15 16:00:39 : https://genealogiedesdieuxgrecs.com/images/Genealogie_des_dieux_Grecs_r55_c71.png 200 OK
unlink: Aucun fichier ou dossier de ce nom
URL 2026-07-15 16:00:39 : https://genealogiedesdieuxgrecs.com/images/Epimethee.png 200 OK
unlink: Aucun fichier ou dossier de ce nom
URL 2026-07-15 16:00:39 : https://genealogiedesdieuxgrecs.com/images/Genealogie_des_dieux_Grecs_r55_c77.png 200 OK
unlink: Aucun fichier ou dossier de ce nom
URL 2026-07-15 16:00:39 : https://genealogiedesdieuxgrecs.com/images/Genealogie_des_dieux_Grecs_r56_c3.png 200 OK
unlink: Aucun fichier ou dossier de ce nom
URL 2026-07-15 16:00:39 : https://genealogiedesdieuxgrecs.com/images/Genealogie_des_dieux_Grecs_r56_c10.png 200 OK
unlink: Aucun fichier ou dossier de ce nom
URL 2026-07-15 16:00:39 : https://genealogiedesdieuxgrecs.com/images/Semele.png 200 OK
unlink: Aucun fichier ou dossier de ce nom
URL 2026-07-15 16:00:39 : https://genealogiedesdieuxgrecs.com/images/Genealogie_des_dieux_Grecs_r56_c25.png 200 OK
unlink: Aucun fichier ou dossier de ce nom
URL 2026-07-15 16:00:39 : https://genealogiedesdieuxgrecs.com/images/Asclepios.png 200 OK
unlink: Aucun fichier ou dossier de ce nom
URL 2026-07-15 16:00:40 : https://genealogiedesdieuxgrecs.com/images/Les_Pleiades.png 200 OK
unlink: Aucun fichier ou dossier de ce nom
URL 2026-07-15 16:00:40 : https://genealogiedesdieuxgrecs.com/images/Genealogie_des_dieux_Grecs_r56_c63.png 200 OK
unlink: Aucun fichier ou dossier de ce nom
URL 2026-07-15 16:00:40 : https://genealogiedesdieuxgrecs.com/images/Genealogie_des_dieux_Grecs_r57_c67.png 200 OK
unlink: Aucun fichier ou dossier de ce nom
URL 2026-07-15 16:00:40 : https://genealogiedesdieuxgrecs.com/images/Merope.png 200 OK
unlink: Aucun fichier ou dossier de ce nom
URL 2026-07-15 16:00:40 : https://genealogiedesdieuxgrecs.com/images/Sisyphe.png 200 OK
unlink: Aucun fichier ou dossier de ce nom
URL 2026-07-15 16:00:40 : https://genealogiedesdieuxgrecs.com/images/Genealogie_des_dieux_Grecs_r58_c8.png 200 OK
unlink: Aucun fichier ou dossier de ce nom
URL 2026-07-15 16:00:40 : https://genealogiedesdieuxgrecs.com/images/Genealogie_des_dieux_Grecs_r59_c8.png 200 OK
unlink: Aucun fichier ou dossier de ce nom
URL 2026-07-15 16:00:41 : https://genealogiedesdieuxgrecs.com/images/Les_Hyades.png 200 OK
unlink: Aucun fichier ou dossier de ce nom
URL 2026-07-15 16:00:41 : https://genealogiedesdieuxgrecs.com/images/Genealogie_des_dieux_Grecs_r59_c67.png 200 OK
unlink: Aucun fichier ou dossier de ce nom
URL 2026-07-15 16:00:41 : https://genealogiedesdieuxgrecs.com/images/Genealogie_des_dieux_Grecs_r60_c2.png 200 OK
unlink: Aucun fichier ou dossier de ce nom
URL 2026-07-15 16:00:41 : https://genealogiedesdieuxgrecs.com/images/Genealogie_des_dieux_Grecs_r61_c63.png 200 OK
unlink: Aucun fichier ou dossier de ce nom
URL 2026-07-15 16:00:41 : https://genealogiedesdieuxgrecs.com/images/Genealogie_des_dieux_Grecs_r62_c67.png 200 OK
unlink: Aucun fichier ou dossier de ce nom
URL 2026-07-15 16:00:41 : https://genealogiedesdieuxgrecs.com/images/Pyrrha.png 200 OK
unlink: Aucun fichier ou dossier de ce nom
URL 2026-07-15 16:00:42 : https://genealogiedesdieuxgrecs.com/images/Genealogie_des_dieux_Grecs_r62_c75.png 200 OK
unlink: Aucun fichier ou dossier de ce nom
URL 2026-07-15 16:00:42 : https://genealogiedesdieuxgrecs.com/images/Deucalion.png 200 OK
unlink: Aucun fichier ou dossier de ce nom
URL 2026-07-15 16:00:42 : https://genealogiedesdieuxgrecs.com/images/Genealogie_des_dieux_Grecs_r62_c86.png 200 OK
unlink: Aucun fichier ou dossier de ce nom
URL 2026-07-15 16:00:42 : https://genealogiedesdieuxgrecs.com/images/Genealogie_des_dieux_Grecs_r63_c8.png 200 OK
unlink: Aucun fichier ou dossier de ce nom
URL 2026-07-15 16:00:42 : https://genealogiedesdieuxgrecs.com/images/Dionysos.png 200 OK
unlink: Aucun fichier ou dossier de ce nom
URL 2026-07-15 16:00:42 : https://genealogiedesdieuxgrecs.com/images/Genealogie_des_dieux_Grecs_r63_c34.png 200 OK
unlink: Aucun fichier ou dossier de ce nom
URL 2026-07-15 16:00:42 : https://genealogiedesdieuxgrecs.com/images/Hermes.png 200 OK
unlink: Aucun fichier ou dossier de ce nom
URL 2026-07-15 16:00:42 : https://genealogiedesdieuxgrecs.com/images/Genealogie_des_dieux_Grecs_r63_c61.png 200 OK
unlink: Aucun fichier ou dossier de ce nom
URL 2026-07-15 16:00:43 : https://genealogiedesdieuxgrecs.com/images/Genealogie_des_dieux_Grecs_r64_c67.png 200 OK
unlink: Aucun fichier ou dossier de ce nom
URL 2026-07-15 16:00:43 : https://genealogiedesdieuxgrecs.com/images/Genealogie_des_dieux_Grecs_r65_c29.png 200 OK
unlink: Aucun fichier ou dossier de ce nom
URL 2026-07-15 16:00:43 : https://genealogiedesdieuxgrecs.com/images/Pan.png 200 OK
unlink: Aucun fichier ou dossier de ce nom
URL 2026-07-15 16:00:43 : https://genealogiedesdieuxgrecs.com/images/Genealogie_des_dieux_Grecs_r65_c61.png 200 OK
unlink: Aucun fichier ou dossier de ce nom
URL 2026-07-15 16:00:43 : https://genealogiedesdieuxgrecs.com/images/Genealogie_des_dieux_Grecs_r66_c2.png 200 OK
unlink: Aucun fichier ou dossier de ce nom
URL 2026-07-15 16:00:43 : https://genealogiedesdieuxgrecs.com/images/Ornytion.png 200 OK
unlink: Aucun fichier ou dossier de ce nom
URL 2026-07-15 16:00:43 : https://genealogiedesdieuxgrecs.com/images/Sinon.png 200 OK
unlink: Aucun fichier ou dossier de ce nom
URL 2026-07-15 16:00:43 : https://genealogiedesdieuxgrecs.com/images/Glaucos.png 200 OK
unlink: Aucun fichier ou dossier de ce nom
URL 2026-07-15 16:00:44 : https://genealogiedesdieuxgrecs.com/images/Genealogie_des_dieux_Grecs_r66_c19.png 200 OK
unlink: Aucun fichier ou dossier de ce nom
URL 2026-07-15 16:00:44 : https://genealogiedesdieuxgrecs.com/images/Les_Hommes.png 200 OK
unlink: Aucun fichier ou dossier de ce nom
URL 2026-07-15 16:00:44 : https://genealogiedesdieuxgrecs.com/images/Genealogie_des_dieux_Grecs_r67_c5.png 200 OK
unlink: Aucun fichier ou dossier de ce nom
URL 2026-07-15 16:00:44 : https://genealogiedesdieuxgrecs.com/images/Genealogie_des_dieux_Grecs_r68_c5.png 200 OK
unlink: Aucun fichier ou dossier de ce nom
URL 2026-07-15 16:00:44 : https://genealogiedesdieuxgrecs.com/images/Bellerophon.png 200 OK
unlink: Aucun fichier ou dossier de ce nom
URL 2026-07-15 16:00:44 : https://genealogiedesdieuxgrecs.com/images/Genealogie_des_dieux_Grecs_r68_c20.png 200 OK
unlink: Aucun fichier ou dossier de ce nom
URL 2026-07-15 16:00:44 : https://genealogiedesdieuxgrecs.com/images/Genealogie_des_dieux_Grecs_r69_c11.png 200 OK
unlink: Aucun fichier ou dossier de ce nom
https://genealogiedesdieuxgrecs.com/images/L%E9gende.png:
Le fichier distant n’existe pas — lien mort.
https://genealogiedesdieuxgrecs.com/Genealogie_des_Dieux_grecs/Genealogie_des_Dieux_grecs/2011/03/hemera/:
Le fichier distant n’existe pas — lien mort.
https://genealogiedesdieuxgrecs.com/Genealogie_des_Dieux_grecs/Genealogie_des_Dieux_grecs/2011/03/aether/:
Le fichier distant n’existe pas — lien mort.
https://genealogiedesdieuxgrecs.com/Genealogie_des_Dieux_grecs/Genealogie_des_Dieux_grecs/2011/03/ceto/:
Le fichier distant n’existe pas — lien mort.
https://genealogiedesdieuxgrecs.com/Genealogie_des_Dieux_grecs/Genealogie_des_Dieux_grecs/2011/03/phorcys/:
Le fichier distant n’existe pas — lien mort.
https://genealogiedesdieuxgrecs.com/Genealogie_des_Dieux_grecs/Genealogie_des_Dieux_grecs/2011/03/pontos/:
Le fichier distant n’existe pas — lien mort.
https://genealogiedesdieuxgrecs.com/Genealogie_des_Dieux_grecs/Genealogie_des_Dieux_grecs/2011/03/ouranos/:
Le fichier distant n’existe pas — lien mort.
https://genealogiedesdieuxgrecs.com/Genealogie_des_Dieux_grecs/Genealogie_des_Dieux_grecs/2011/03/gaia/:
Le fichier distant n’existe pas — lien mort.
https://genealogiedesdieuxgrecs.com/Genealogie_des_Dieux_grecs/Genealogie_des_Dieux_grecs/2011/03/erebe/:
Le fichier distant n’existe pas — lien mort.
https://genealogiedesdieuxgrecs.com/Genealogie_des_Dieux_grecs/Genealogie_des_Dieux_grecs/2011/03/nyx/:
Le fichier distant n’existe pas — lien mort.
https://genealogiedesdieuxgrecs.com/Genealogie_des_Dieux_grecs/Genealogie_des_Dieux_grecs/2011/03/chaos/:
Le fichier distant n’existe pas — lien mort.
https://genealogiedesdieuxgrecs.com/Genealogie_des_Dieux_grecs/Genealogie_des_Dieux_grecs/2017/11/liste-titans-titanides-mythologie-grecque/:
Le fichier distant n’existe pas — lien mort.
https://genealogiedesdieuxgrecs.com/Genealogie_des_Dieux_grecs/Genealogie_des_Dieux_grecs/2015/01/la-sexualite-des-dieux-grecs-episode-deux-couper-les-couilles/:
Le fichier distant n’existe pas — lien mort.
https://genealogiedesdieuxgrecs.com/Genealogie_des_Dieux_grecs/Genealogie_des_Dieux_grecs/2011/03/epimethee/:
Le fichier distant n’existe pas — lien mort.
https://genealogiedesdieuxgrecs.com/Genealogie_des_Dieux_grecs/Genealogie_des_Dieux_grecs/2011/03/promethee/:
Le fichier distant n’existe pas — lien mort.
https://genealogiedesdieuxgrecs.com/Genealogie_des_Dieux_grecs/Genealogie_des_Dieux_grecs/2011/03/atlas/:
Le fichier distant n’existe pas — lien mort.
https://genealogiedesdieuxgrecs.com/Genealogie_des_Dieux_grecs/Genealogie_des_Dieux_grecs/2011/03/asteria/:
Le fichier distant n’existe pas — lien mort.
https://genealogiedesdieuxgrecs.com/Genealogie_des_Dieux_grecs/Genealogie_des_Dieux_grecs/2011/03/japet/:
Le fichier distant n’existe pas — lien mort.
https://genealogiedesdieuxgrecs.com/Genealogie_des_Dieux_grecs/Genealogie_des_Dieux_grecs/2011/03/themis/:
Le fichier distant n’existe pas — lien mort.
https://genealogiedesdieuxgrecs.com/Genealogie_des_Dieux_grecs/Genealogie_des_Dieux_grecs/2011/03/thetys/:
Le fichier distant n’existe pas — lien mort.
https://genealogiedesdieuxgrecs.com/Genealogie_des_Dieux_grecs/Genealogie_des_Dieux_grecs/2011/03/ocean/:
Le fichier distant n’existe pas — lien mort.
https://genealogiedesdieuxgrecs.com/Genealogie_des_Dieux_grecs/Genealogie_des_Dieux_grecs/2011/03/coeos/:
Le fichier distant n’existe pas — lien mort.
https://genealogiedesdieuxgrecs.com/Genealogie_des_Dieux_grecs/Genealogie_des_Dieux_grecs/2011/03/pheobe/:
Le fichier distant n’existe pas — lien mort.
https://genealogiedesdieuxgrecs.com/Genealogie_des_Dieux_grecs/Genealogie_des_Dieux_grecs/2011/03/rhea/:
Le fichier distant n’existe pas — lien mort.
https://genealogiedesdieuxgrecs.com/Genealogie_des_Dieux_grecs/Genealogie_des_Dieux_grecs/2011/03/cronos/:
Le fichier distant n’existe pas — lien mort.
https://genealogiedesdieuxgrecs.com/Genealogie_des_Dieux_grecs/Genealogie_des_Dieux_grecs/2011/03/hyperion/:
Le fichier distant n’existe pas — lien mort.
https://genealogiedesdieuxgrecs.com/Genealogie_des_Dieux_grecs/Genealogie_des_Dieux_grecs/2011/03/theia/:
Le fichier distant n’existe pas — lien mort.
https://genealogiedesdieuxgrecs.com/Genealogie_des_Dieux_grecs/Genealogie_des_Dieux_grecs/2011/03/crios/:
Le fichier distant n’existe pas — lien mort.
https://genealogiedesdieuxgrecs.com/Genealogie_des_Dieux_grecs/Genealogie_des_Dieux_grecs/2011/03/mnemosyne/:
Le fichier distant n’existe pas — lien mort.
https://genealogiedesdieuxgrecs.com/Genealogie_des_Dieux_grecs/Genealogie_des_Dieux_grecs/2017/10/une-histoire-daraignee/:
Le fichier distant n’existe pas — lien mort.
https://genealogiedesdieuxgrecs.com/Genealogie_des_Dieux_grecs/Genealogie_des_Dieux_grecs/2017/01/liste-deesses-dieux-mythologie-grecque/:
Le fichier distant n’existe pas — lien mort.
https://genealogiedesdieuxgrecs.com/Genealogie_des_Dieux_grecs/Genealogie_des_Dieux_grecs/2015/12/zeus-descendance-titanides/:
Le fichier distant n’existe pas — lien mort.
https://genealogiedesdieuxgrecs.com/Genealogie_des_Dieux_grecs/Genealogie_des_Dieux_grecs/2015/12/zeus-et-sa-descendance-avec-les-oceanides-et-les-nymphes/:
Le fichier distant n’existe pas — lien mort.
https://genealogiedesdieuxgrecs.com/Genealogie_des_Dieux_grecs/Genealogie_des_Dieux_grecs/2015/12/zeus-et-sa-descendance-avec-les-mortelles/:
Le fichier distant n’existe pas — lien mort.
https://genealogiedesdieuxgrecs.com/Genealogie_des_Dieux_grecs/Genealogie_des_Dieux_grecs/2015/12/zeus-et-sa-descendance-avec-les-pleiades/:
Le fichier distant n’existe pas — lien mort.
https://genealogiedesdieuxgrecs.com/Genealogie_des_Dieux_grecs/Genealogie_des_Dieux_grecs/2015/12/zeus-et-sa-descendance-avec-les-deesses/:
Le fichier distant n’existe pas — lien mort.
https://genealogiedesdieuxgrecs.com/Genealogie_des_Dieux_grecs/Genealogie_des_Dieux_grecs/2015/10/correspondances-entre-divinites-grecques-et-romaines/:
Le fichier distant n’existe pas — lien mort.
https://genealogiedesdieuxgrecs.com/Genealogie_des_Dieux_grecs/Genealogie_des_Dieux_grecs/2011/03/pan/:
Le fichier distant n’existe pas — lien mort.
https://genealogiedesdieuxgrecs.com/Genealogie_des_Dieux_grecs/Genealogie_des_Dieux_grecs/2011/03/hermes/:
Le fichier distant n’existe pas — lien mort.
https://genealogiedesdieuxgrecs.com/Genealogie_des_Dieux_grecs/Genealogie_des_Dieux_grecs/2011/03/dionysos/:
Le fichier distant n’existe pas — lien mort.
https://genealogiedesdieuxgrecs.com/Genealogie_des_Dieux_grecs/Genealogie_des_Dieux_grecs/2011/03/asclepios/:
Le fichier distant n’existe pas — lien mort.
https://genealogiedesdieuxgrecs.com/Genealogie_des_Dieux_grecs/Genealogie_des_Dieux_grecs/2011/03/apollon/:
Le fichier distant n’existe pas — lien mort.
https://genealogiedesdieuxgrecs.com/Genealogie_des_Dieux_grecs/Genealogie_des_Dieux_grecs/2011/03/eole/:
Le fichier distant n’existe pas — lien mort.
https://genealogiedesdieuxgrecs.com/Genealogie_des_Dieux_grecs/Genealogie_des_Dieux_grecs/2011/03/hephaistos/:
Le fichier distant n’existe pas — lien mort.
https://genealogiedesdieuxgrecs.com/Genealogie_des_Dieux_grecs/Genealogie_des_Dieux_grecs/2011/03/hebe/:
Le fichier distant n’existe pas — lien mort.
https://genealogiedesdieuxgrecs.com/Genealogie_des_Dieux_grecs/Genealogie_des_Dieux_grecs/2011/03/ilithye/:
Le fichier distant n’existe pas — lien mort.
https://genealogiedesdieuxgrecs.com/Genealogie_des_Dieux_grecs/Genealogie_des_Dieux_grecs/2011/03/ares/:
Le fichier distant n’existe pas — lien mort.
https://genealogiedesdieuxgrecs.com/Genealogie_des_Dieux_grecs/Genealogie_des_Dieux_grecs/2011/03/artemis/:
Le fichier distant n’existe pas — lien mort.
https://genealogiedesdieuxgrecs.com/Genealogie_des_Dieux_grecs/Genealogie_des_Dieux_grecs/2011/03/athena/:
Le fichier distant n’existe pas — lien mort.
https://genealogiedesdieuxgrecs.com/Genealogie_des_Dieux_grecs/Genealogie_des_Dieux_grecs/2011/03/hecate/:
Le fichier distant n’existe pas — lien mort.
https://genealogiedesdieuxgrecs.com/Genealogie_des_Dieux_grecs/Genealogie_des_Dieux_grecs/2011/03/persephone/:
Le fichier distant n’existe pas — lien mort.
https://genealogiedesdieuxgrecs.com/Genealogie_des_Dieux_grecs/Genealogie_des_Dieux_grecs/2011/03/leto/:
Le fichier distant n’existe pas — lien mort.
https://genealogiedesdieuxgrecs.com/Genealogie_des_Dieux_grecs/Genealogie_des_Dieux_grecs/2011/03/demeter/:
Le fichier distant n’existe pas — lien mort.
https://genealogiedesdieuxgrecs.com/Genealogie_des_Dieux_grecs/Genealogie_des_Dieux_grecs/2011/03/zeus/:
Le fichier distant n’existe pas — lien mort.
https://genealogiedesdieuxgrecs.com/Genealogie_des_Dieux_grecs/Genealogie_des_Dieux_grecs/2011/03/hera/:
Le fichier distant n’existe pas — lien mort.
https://genealogiedesdieuxgrecs.com/Genealogie_des_Dieux_grecs/Genealogie_des_Dieux_grecs/2011/03/poseidon/:
Le fichier distant n’existe pas — lien mort.
https://genealogiedesdieuxgrecs.com/Genealogie_des_Dieux_grecs/Genealogie_des_Dieux_grecs/2011/03/hades/:
Le fichier distant n’existe pas — lien mort.
https://genealogiedesdieuxgrecs.com/Genealogie_des_Dieux_grecs/Genealogie_des_Dieux_grecs/2011/03/hestia/:
Le fichier distant n’existe pas — lien mort.
https://genealogiedesdieuxgrecs.com/Genealogie_des_Dieux_grecs/Genealogie_des_Dieux_grecs/2011/03/thanatos/:
Le fichier distant n’existe pas — lien mort.
https://genealogiedesdieuxgrecs.com/Genealogie_des_Dieux_grecs/Genealogie_des_Dieux_grecs/2011/03/philotes/:
Le fichier distant n’existe pas — lien mort.
https://genealogiedesdieuxgrecs.com/Genealogie_des_Dieux_grecs/Genealogie_des_Dieux_grecs/2011/03/eos/:
Le fichier distant n’existe pas — lien mort.
https://genealogiedesdieuxgrecs.com/Genealogie_des_Dieux_grecs/Genealogie_des_Dieux_grecs/2011/03/selene/:
Le fichier distant n’existe pas — lien mort.
https://genealogiedesdieuxgrecs.com/Genealogie_des_Dieux_grecs/Genealogie_des_Dieux_grecs/2011/03/helios/:
Le fichier distant n’existe pas — lien mort.
https://genealogiedesdieuxgrecs.com/Genealogie_des_Dieux_grecs/Genealogie_des_Dieux_grecs/2011/03/nemesis/:
Le fichier distant n’existe pas — lien mort.
https://genealogiedesdieuxgrecs.com/Genealogie_des_Dieux_grecs/Genealogie_des_Dieux_grecs/2011/03/moros/:
Le fichier distant n’existe pas — lien mort.
https://genealogiedesdieuxgrecs.com/Genealogie_des_Dieux_grecs/Genealogie_des_Dieux_grecs/2011/03/eros/:
Le fichier distant n’existe pas — lien mort.
https://genealogiedesdieuxgrecs.com/Genealogie_des_Dieux_grecs/Genealogie_des_Dieux_grecs/2011/03/hypnos/:
Le fichier distant n’existe pas — lien mort.
https://genealogiedesdieuxgrecs.com/Genealogie_des_Dieux_grecs/Genealogie_des_Dieux_grecs/2011/03/geras/:
Le fichier distant n’existe pas — lien mort.
https://genealogiedesdieuxgrecs.com/Genealogie_des_Dieux_grecs/Genealogie_des_Dieux_grecs/2011/03/eris/:
Le fichier distant n’existe pas — lien mort.
https://genealogiedesdieuxgrecs.com/Genealogie_des_Dieux_grecs/Genealogie_des_Dieux_grecs/2017/10/les-creatures-de-la-mythologie-grecque/:
Le fichier distant n’existe pas — lien mort.
https://genealogiedesdieuxgrecs.com/Genealogie_des_Dieux_grecs/Genealogie_des_Dieux_grecs/2011/03/les-geants/:
Le fichier distant n’existe pas — lien mort.
https://genealogiedesdieuxgrecs.com/Genealogie_des_Dieux_grecs/Genealogie_des_Dieux_grecs/2011/03/moires/:
Le fichier distant n’existe pas — lien mort.
https://genealogiedesdieuxgrecs.com/Genealogie_des_Dieux_grecs/Genealogie_des_Dieux_grecs/2011/03/charon/:
Le fichier distant n’existe pas — lien mort.
https://genealogiedesdieuxgrecs.com/Genealogie_des_Dieux_grecs/Genealogie_des_Dieux_grecs/2011/03/les-mille-oneiroi/:
Le fichier distant n’existe pas — lien mort.
https://genealogiedesdieuxgrecs.com/Genealogie_des_Dieux_grecs/Genealogie_des_Dieux_grecs/2011/03/keres/:
Le fichier distant n’existe pas — lien mort.
https://genealogiedesdieuxgrecs.com/Genealogie_des_Dieux_grecs/Genealogie_des_Dieux_grecs/2011/03/les-hecatonchires/:
Le fichier distant n’existe pas — lien mort.
https://genealogiedesdieuxgrecs.com/Genealogie_des_Dieux_grecs/Genealogie_des_Dieux_grecs/2011/03/les-cyclopes/:
Le fichier distant n’existe pas — lien mort.
https://genealogiedesdieuxgrecs.com/Genealogie_des_Dieux_grecs/Genealogie_des_Dieux_grecs/2011/03/les-gorgones/:
Le fichier distant n’existe pas — lien mort.
https://genealogiedesdieuxgrecs.com/Genealogie_des_Dieux_grecs/Genealogie_des_Dieux_grecs/2011/03/hyades/:
Le fichier distant n’existe pas — lien mort.
https://genealogiedesdieuxgrecs.com/Genealogie_des_Dieux_grecs/Genealogie_des_Dieux_grecs/2011/03/merope/:
Le fichier distant n’existe pas — lien mort.
https://genealogiedesdieuxgrecs.com/Genealogie_des_Dieux_grecs/Genealogie_des_Dieux_grecs/2011/03/pleiades/:
Le fichier distant n’existe pas — lien mort.
https://genealogiedesdieuxgrecs.com/Genealogie_des_Dieux_grecs/Genealogie_des_Dieux_grecs/2011/03/clymene/:
Le fichier distant n’existe pas — lien mort.
https://genealogiedesdieuxgrecs.com/Genealogie_des_Dieux_grecs/Genealogie_des_Dieux_grecs/2011/03/metis/:
Le fichier distant n’existe pas — lien mort.
https://genealogiedesdieuxgrecs.com/Genealogie_des_Dieux_grecs/Genealogie_des_Dieux_grecs/2011/03/uranie/:
Le fichier distant n’existe pas — lien mort.
https://genealogiedesdieuxgrecs.com/Genealogie_des_Dieux_grecs/Genealogie_des_Dieux_grecs/2011/03/thalie/:
Le fichier distant n’existe pas — lien mort.
https://genealogiedesdieuxgrecs.com/Genealogie_des_Dieux_grecs/Genealogie_des_Dieux_grecs/2011/03/terpsichore/:
Le fichier distant n’existe pas — lien mort.
https://genealogiedesdieuxgrecs.com/Genealogie_des_Dieux_grecs/Genealogie_des_Dieux_grecs/2011/03/polymnie/:
Le fichier distant n’existe pas — lien mort.
https://genealogiedesdieuxgrecs.com/Genealogie_des_Dieux_grecs/Genealogie_des_Dieux_grecs/2011/03/melpomene/:
Le fichier distant n’existe pas — lien mort.
https://genealogiedesdieuxgrecs.com/Genealogie_des_Dieux_grecs/Genealogie_des_Dieux_grecs/2011/03/euterpe/:
Le fichier distant n’existe pas — lien mort.
https://genealogiedesdieuxgrecs.com/Genealogie_des_Dieux_grecs/Genealogie_des_Dieux_grecs/2011/03/erato/:
Le fichier distant n’existe pas — lien mort.
https://genealogiedesdieuxgrecs.com/Genealogie_des_Dieux_grecs/Genealogie_des_Dieux_grecs/2011/03/clio/:
Le fichier distant n’existe pas — lien mort.
https://genealogiedesdieuxgrecs.com/Genealogie_des_Dieux_grecs/Genealogie_des_Dieux_grecs/2011/03/calliope/:
Le fichier distant n’existe pas — lien mort.
https://genealogiedesdieuxgrecs.com/Genealogie_des_Dieux_grecs/Genealogie_des_Dieux_grecs/2011/03/les-hesperides/:
Le fichier distant n’existe pas — lien mort.
https://genealogiedesdieuxgrecs.com/Genealogie_des_Dieux_grecs/Genealogie_des_Dieux_grecs/2017/11/les-heros-de-la-mythologie-grecque/:
Le fichier distant n’existe pas — lien mort.
https://genealogiedesdieuxgrecs.com/Genealogie_des_Dieux_grecs/Genealogie_des_Dieux_grecs/2015/10/jason-et-la-toison-dor/:
Le fichier distant n’existe pas — lien mort.
https://genealogiedesdieuxgrecs.com/Genealogie_des_Dieux_grecs/Genealogie_des_Dieux_grecs/2014/04/persee/:
Le fichier distant n’existe pas — lien mort.
https://genealogiedesdieuxgrecs.com/Genealogie_des_Dieux_grecs/Genealogie_des_Dieux_grecs/2011/03/bellerophon/:
Le fichier distant n’existe pas — lien mort.
https://genealogiedesdieuxgrecs.com/Genealogie_des_Dieux_grecs/Genealogie_des_Dieux_grecs/2011/03/heracles/:
Le fichier distant n’existe pas — lien mort.
https://genealogiedesdieuxgrecs.com/Genealogie_des_Dieux_grecs/Genealogie_des_Dieux_grecs/2011/03/les-hommes/:
Le fichier distant n’existe pas — lien mort.
https://genealogiedesdieuxgrecs.com/Genealogie_des_Dieux_grecs/Genealogie_des_Dieux_grecs/2011/03/deucalion/:
Le fichier distant n’existe pas — lien mort.
https://genealogiedesdieuxgrecs.com/Genealogie_des_Dieux_grecs/Genealogie_des_Dieux_grecs/2011/03/pyrrha/:
Le fichier distant n’existe pas — lien mort.
https://genealogiedesdieuxgrecs.com/Genealogie_des_Dieux_grecs/Genealogie_des_Dieux_grecs/2011/03/sisyphe/:
Le fichier distant n’existe pas — lien mort.
https://genealogiedesdieuxgrecs.com/Genealogie_des_Dieux_grecs/Genealogie_des_Dieux_grecs/2011/03/pandore/:
Le fichier distant n’existe pas — lien mort.
https://genealogiedesdieuxgrecs.com/Genealogie_des_Dieux_grecs/Genealogie_des_Dieux_grecs/2021/04/mesperyian-fille-de-dieu-mais-pas-deesse/:
Le fichier distant n’existe pas — lien mort.
https://genealogiedesdieuxgrecs.com/Genealogie_des_Dieux_grecs/Genealogie_des_Dieux_grecs/2014/04/les-amazones/:
Le fichier distant n’existe pas — lien mort.
https://genealogiedesdieuxgrecs.com/Genealogie_des_Dieux_grecs/Genealogie_des_Dieux_grecs/2011/03/oizes/:
Le fichier distant n’existe pas — lien mort.
https://genealogiedesdieuxgrecs.com/Genealogie_des_Dieux_grecs/Genealogie_des_Dieux_grecs/2011/03/momos/:
Le fichier distant n’existe pas — lien mort.
https://genealogiedesdieuxgrecs.com/Genealogie_des_Dieux_grecs/Genealogie_des_Dieux_grecs/2011/03/moira/:
Le fichier distant n’existe pas — lien mort.
https://genealogiedesdieuxgrecs.com/Genealogie_des_Dieux_grecs/Genealogie_des_Dieux_grecs/2011/03/dolos/:
Le fichier distant n’existe pas — lien mort.
https://genealogiedesdieuxgrecs.com/Genealogie_des_Dieux_grecs/Genealogie_des_Dieux_grecs/2011/03/les-meliades/:
Le fichier distant n’existe pas — lien mort.
https://genealogiedesdieuxgrecs.com/Genealogie_des_Dieux_grecs/Genealogie_des_Dieux_grecs/2011/03/les-erinynes/:
Le fichier distant n’existe pas — lien mort.
https://genealogiedesdieuxgrecs.com/Genealogie_des_Dieux_grecs/Genealogie_des_Dieux_grecs/2011/03/apate/:
Le fichier distant n’existe pas — lien mort.
https://genealogiedesdieuxgrecs.com/Genealogie_des_Dieux_grecs/Genealogie_des_Dieux_grecs/2019/11/liste-des-divinites-de-la-mythologie-grecque/:
Le fichier distant n’existe pas — lien mort.
https://genealogiedesdieuxgrecs.com/Genealogie_des_Dieux_grecs/Genealogie_des_Dieux_grecs/2019/05/les-enfers-de-la-mythologie-grecque/:
Le fichier distant n’existe pas — lien mort.
https://genealogiedesdieuxgrecs.com/Genealogie_des_Dieux_grecs/Genealogie_des_Dieux_grecs/2019/04/narcisse-et-echo-mythologie/:
Le fichier distant n’existe pas — lien mort.
https://genealogiedesdieuxgrecs.com/Genealogie_des_Dieux_grecs/Genealogie_des_Dieux_grecs/2018/08/les-perseides/:
Le fichier distant n’existe pas — lien mort.
https://genealogiedesdieuxgrecs.com/Genealogie_des_Dieux_grecs/Genealogie_des_Dieux_grecs/2018/08/la-sexualite-des-divinites-grecques-episode-quatre-un-roi-et-laurore/:
Le fichier distant n’existe pas — lien mort.
https://genealogiedesdieuxgrecs.com/Genealogie_des_Dieux_grecs/Genealogie_des_Dieux_grecs/2018/04/les-histoires-damour-de-la-mythologie-grecque/:
Le fichier distant n’existe pas — lien mort.
https://genealogiedesdieuxgrecs.com/Genealogie_des_Dieux_grecs/Genealogie_des_Dieux_grecs/2018/02/la-gigantomachie/:
Le fichier distant n’existe pas — lien mort.
https://genealogiedesdieuxgrecs.com/Genealogie_des_Dieux_grecs/Genealogie_des_Dieux_grecs/2018/01/baalbek-temple-grec-greco-romain-ruine-vestige-mythologie/:
Le fichier distant n’existe pas — lien mort.
https://genealogiedesdieuxgrecs.com/Genealogie_des_Dieux_grecs/Genealogie_des_Dieux_grecs/2017/09/phaeton-fils-du-soleil-un-demi-dieu-peu-connu/:
Le fichier distant n’existe pas — lien mort.
https://genealogiedesdieuxgrecs.com/Genealogie_des_Dieux_grecs/Genealogie_des_Dieux_grecs/2015/02/la-sexualite-des-divinites-grecques-episode-trois-asperger-de-sang/:
Le fichier distant n’existe pas — lien mort.
https://genealogiedesdieuxgrecs.com/Genealogie_des_Dieux_grecs/Genealogie_des_Dieux_grecs/2014/12/la-sexualite-des-divinites-grecques-episode-un-pluie-d-or/:
Le fichier distant n’existe pas — lien mort.
https://genealogiedesdieuxgrecs.com/Genealogie_des_Dieux_grecs/Genealogie_des_Dieux_grecs/2014/12/la-sexualite-des-dieux-grecs-episode-zero/:
Le fichier distant n’existe pas — lien mort.
https://genealogiedesdieuxgrecs.com/Genealogie_des_Dieux_grecs/Genealogie_des_Dieux_grecs/2014/12/dedale-et-icare/:
Le fichier distant n’existe pas — lien mort.
https://genealogiedesdieuxgrecs.com/Genealogie_des_Dieux_grecs/Genealogie_des_Dieux_grecs/2014/07/orphee-et-eurydice/:
Le fichier distant n’existe pas — lien mort.
https://genealogiedesdieuxgrecs.com/Genealogie_des_Dieux_grecs/Genealogie_des_Dieux_grecs/2014/05/midas/:
Le fichier distant n’existe pas — lien mort.
https://genealogiedesdieuxgrecs.com/Genealogie_des_Dieux_grecs/Genealogie_des_Dieux_grecs/2014/04/pyrame-et-thisbe/:
Le fichier distant n’existe pas — lien mort.
https://genealogiedesdieuxgrecs.com/Genealogie_des_Dieux_grecs/Genealogie_des_Dieux_grecs/2013/06/representation-des-conquetes-de-zeus-et-de-sa-descendance/:
Le fichier distant n’existe pas — lien mort.
https://genealogiedesdieuxgrecs.com/Genealogie_des_Dieux_grecs/Genealogie_des_Dieux_grecs/2013/05/les-philosophes-grecs/:
Le fichier distant n’existe pas — lien mort.
https://genealogiedesdieuxgrecs.com/Genealogie_des_Dieux_grecs/Genealogie_des_Dieux_grecs/2013/02/les-aventures-amoureuses-de-zeus/:
Le fichier distant n’existe pas — lien mort.
https://genealogiedesdieuxgrecs.com/Genealogie_des_Dieux_grecs/Genealogie_des_Dieux_grecs/2013/01/les-auteurs-de-la-mythologie-grecque/:
Le fichier distant n’existe pas — lien mort.
https://genealogiedesdieuxgrecs.com/Genealogie_des_Dieux_grecs/Genealogie_des_Dieux_grecs/2012/10/aphrodite/:
Le fichier distant n’existe pas — lien mort.
https://genealogiedesdieuxgrecs.com/Genealogie_des_Dieux_grecs/Genealogie_des_Dieux_grecs/2011/10/guerre-de-troie/:
Le fichier distant n’existe pas — lien mort.
https://genealogiedesdieuxgrecs.com/Genealogie_des_Dieux_grecs/Genealogie_des_Dieux_grecs/2011/06/clytie-ou-lorigine-des-tournesols/:
Le fichier distant n’existe pas — lien mort.
https://genealogiedesdieuxgrecs.com/Genealogie_des_Dieux_grecs/Genealogie_des_Dieux_grecs/2011/03/lyssa/:
Le fichier distant n’existe pas — lien mort.
https://genealogiedesdieuxgrecs.com/Genealogie_des_Dieux_grecs/Genealogie_des_Dieux_grecs/2011/02/classification-des-personnages-de-la-mythologies-grecque/:
Le fichier distant n’existe pas — lien mort.
158 liens morts trouvés.

https://genealogiedesdieuxgrecs.com/Genealogie_des_Dieux_grecs/Genealogie_des_Dieux_grecs/2011/03/les-meliades/
https://genealogiedesdieuxgrecs.com/Genealogie_des_Dieux_grecs/Genealogie_des_Dieux_grecs/2011/03/poseidon/
https://genealogiedesdieuxgrecs.com/Genealogie_des_Dieux_grecs/Genealogie_des_Dieux_grecs/2011/03/gaia/
https://genealogiedesdieuxgrecs.com/Genealogie_des_Dieux_grecs/Genealogie_des_Dieux_grecs/2015/10/correspondances-entre-divinites-grecques-et-romaines/
https://genealogiedesdieuxgrecs.com/Genealogie_des_Dieux_grecs/Genealogie_des_Dieux_grecs/mentions-legales/
https://genealogiedesdieuxgrecs.com/Genealogie_des_Dieux_grecs/Genealogie_des_Dieux_grecs/2011/03/helios/
https://genealogiedesdieuxgrecs.com/Genealogie_des_Dieux_grecs/Genealogie_des_Dieux_grecs/2011/03/philotes/
https://genealogiedesdieuxgrecs.com/Genealogie_des_Dieux_grecs/Genealogie_des_Dieux_grecs/2014/07/orphee-et-eurydice/
https://genealogiedesdieuxgrecs.com/Genealogie_des_Dieux_grecs/Genealogie_des_Dieux_grecs/2011/03/persephone/
https://genealogiedesdieuxgrecs.com/Genealogie_des_Dieux_grecs/Genealogie_des_Dieux_grecs/2011/03/pandore/
https://genealogiedesdieuxgrecs.com/Genealogie_des_Dieux_grecs/Genealogie_des_Dieux_grecs/2011/06/clytie-ou-lorigine-des-tournesols/
https://genealogiedesdieuxgrecs.com/Genealogie_des_Dieux_grecs/Genealogie_des_Dieux_grecs/2011/03/athena/
https://genealogiedesdieuxgrecs.com/Genealogie_des_Dieux_grecs/Genealogie_des_Dieux_grecs/2011/03/japet/
https://genealogiedesdieuxgrecs.com/Genealogie_des_Dieux_grecs/Genealogie_des_Dieux_grecs/2011/03/euterpe/
https://genealogiedesdieuxgrecs.com/Genealogie_des_Dieux_grecs/Genealogie_des_Dieux_grecs/2011/03/pontos/
https://genealogiedesdieuxgrecs.com/Genealogie_des_Dieux_grecs/Genealogie_des_Dieux_grecs/2011/03/clymene/
https://genealogiedesdieuxgrecs.com/Genealogie_des_Dieux_grecs/Genealogie_des_Dieux_grecs/2011/03/nemesis/
https://genealogiedesdieuxgrecs.com/Genealogie_des_Dieux_grecs/Genealogie_des_Dieux_grecs/2011/03/ouranos/
https://genealogiedesdieuxgrecs.com/Genealogie_des_Dieux_grecs/Genealogie_des_Dieux_grecs/categories/titan/
https://genealogiedesdieuxgrecs.com/Genealogie_des_Dieux_grecs/Genealogie_des_Dieux_grecs/2011/03/atlas/
https://genealogiedesdieuxgrecs.com/Genealogie_des_Dieux_grecs/Genealogie_des_Dieux_grecs/2011/03/geras/
https://genealogiedesdieuxgrecs.com/Genealogie_des_Dieux_grecs/Genealogie_des_Dieux_grecs/2019/05/les-enfers-de-la-mythologie-grecque/
https://genealogiedesdieuxgrecs.com/Genealogie_des_Dieux_grecs/Genealogie_des_Dieux_grecs/2011/03/erato/
https://genealogiedesdieuxgrecs.com/Genealogie_des_Dieux_grecs/Genealogie_des_Dieux_grecs/categories/dieux-et-deesses/
https://genealogiedesdieuxgrecs.com/Genealogie_des_Dieux_grecs/Genealogie_des_Dieux_grecs/2015/01/la-sexualite-des-dieux-grecs-episode-deux-couper-les-couilles/
https://genealogiedesdieuxgrecs.com/Genealogie_des_Dieux_grecs/Genealogie_des_Dieux_grecs/2018/08/les-perseides/
https://genealogiedesdieuxgrecs.com/Genealogie_des_Dieux_grecs/categories/culture-confiture/
https://genealogiedesdieuxgrecs.com/Genealogie_des_Dieux_grecs/Genealogie_des_Dieux_grecs/2015/12/zeus-et-sa-descendance-avec-les-oceanides-et-les-nymphes/
https://genealogiedesdieuxgrecs.com/Genealogie_des_Dieux_grecs/Genealogie_des_Dieux_grecs/2011/03/aether/
https://genealogiedesdieuxgrecs.com/Genealogie_des_Dieux_grecs/Genealogie_des_Dieux_grecs/2011/03/asclepios/
https://genealogiedesdieuxgrecs.com/Genealogie_des_Dieux_grecs/Genealogie_des_Dieux_grecs/2011/03/themis/
https://genealogiedesdieuxgrecs.com/Genealogie_des_Dieux_grecs/Genealogie_des_Dieux_grecs/articles/
https://genealogiedesdieuxgrecs.com/Genealogie_des_Dieux_grecs/Genealogie_des_Dieux_grecs/2011/03/hypnos/
https://genealogiedesdieuxgrecs.com/Genealogie_des_Dieux_grecs/Genealogie_des_Dieux_grecs/2015/12/zeus-et-sa-descendance-avec-les-pleiades/
https://genealogiedesdieuxgrecs.com/Genealogie_des_Dieux_grecs/Genealogie_des_Dieux_grecs/2011/03/thanatos/
https://genealogiedesdieuxgrecs.com/Genealogie_des_Dieux_grecs/Genealogie_des_Dieux_grecs/2011/03/eris/
https://genealogiedesdieuxgrecs.com/Genealogie_des_Dieux_grecs/Genealogie_des_Dieux_grecs/2011/03/coeos/
https://genealogiedesdieuxgrecs.com/Genealogie_des_Dieux_grecs/Genealogie_des_Dieux_grecs/2011/03/pleiades/
https://genealogiedesdieuxgrecs.com/Genealogie_des_Dieux_grecs/Genealogie_des_Dieux_grecs/2014/04/pyrame-et-thisbe/
https://genealogiedesdieuxgrecs.com/Genealogie_des_Dieux_grecs/Genealogie_des_Dieux_grecs/2013/02/les-aventures-amoureuses-de-zeus/
https://genealogiedesdieuxgrecs.com/Genealogie_des_Dieux_grecs/Genealogie_des_Dieux_grecs/2011/03/keres/
https://genealogiedesdieuxgrecs.com/Genealogie_des_Dieux_grecs/Genealogie_des_Dieux_grecs/2013/01/les-auteurs-de-la-mythologie-grecque/
https://genealogiedesdieuxgrecs.com/Genealogie_des_Dieux_grecs/Genealogie_des_Dieux_grecs/2011/03/hades/
https://genealogiedesdieuxgrecs.com/Genealogie_des_Dieux_grecs/Genealogie_des_Dieux_grecs/2011/03/dionysos/
https://genealogiedesdieuxgrecs.com/Genealogie_des_Dieux_grecs/Genealogie_des_Dieux_grecs/2011/03/promethee/
https://genealogiedesdieuxgrecs.com/Genealogie_des_Dieux_grecs/assets/css/main.css
https://genealogiedesdieuxgrecs.com/Genealogie_des_Dieux_grecs/Genealogie_des_Dieux_grecs/2011/10/guerre-de-troie/
https://genealogiedesdieuxgrecs.com/Genealogie_des_Dieux_grecs/Genealogie_des_Dieux_grecs/2011/03/apollon/
https://genealogiedesdieuxgrecs.com/Genealogie_des_Dieux_grecs/Genealogie_des_Dieux_grecs/2018/02/la-gigantomachie/
https://genealogiedesdieuxgrecs.com/Genealogie_des_Dieux_grecs/Genealogie_des_Dieux_grecs/2011/03/bellerophon/
https://genealogiedesdieuxgrecs.com/Genealogie_des_Dieux_grecs/Genealogie_des_Dieux_grecs/2011/03/hestia/
https://genealogiedesdieuxgrecs.com/Genealogie_des_Dieux_grecs/Genealogie_des_Dieux_grecs/2011/03/polymnie/
https://genealogiedesdieuxgrecs.com/Genealogie_des_Dieux_grecs/Genealogie_des_Dieux_grecs/2017/11/les-heros-de-la-mythologie-grecque/
https://genealogiedesdieuxgrecs.com/Genealogie_des_Dieux_grecs/Genealogie_des_Dieux_grecs/2014/04/persee/
https://genealogiedesdieuxgrecs.com/Genealogie_des_Dieux_grecs/Genealogie_des_Dieux_grecs/2011/03/selene/
https://genealogiedesdieuxgrecs.com/Genealogie_des_Dieux_grecs/Genealogie_des_Dieux_grecs/2011/03/deucalion/
https://genealogiedesdieuxgrecs.com/Genealogie_des_Dieux_grecs/Genealogie_des_Dieux_grecs/2011/03/thalie/
https://genealogiedesdieuxgrecs.com/Genealogie_des_Dieux_grecs/Genealogie_des_Dieux_grecs/2011/03/epimethee/
https://genealogiedesdieuxgrecs.com/Genealogie_des_Dieux_grecs/Genealogie_des_Dieux_grecs/2011/03/apate/
https://genealogiedesdieuxgrecs.com/Genealogie_des_Dieux_grecs/Genealogie_des_Dieux_grecs/2011/03/hyades/
https://genealogiedesdieuxgrecs.com/Genealogie_des_Dieux_grecs/Genealogie_des_Dieux_grecs/2014/12/la-sexualite-des-divinites-grecques-episode-un-pluie-d-or/
https://genealogiedesdieuxgrecs.com/Genealogie_des_Dieux_grecs/Genealogie_des_Dieux_grecs/2011/03/leto/
https://genealogiedesdieuxgrecs.com/Genealogie_des_Dieux_grecs/Genealogie_des_Dieux_grecs/2011/03/ceto/
https://genealogiedesdieuxgrecs.com/Genealogie_des_Dieux_grecs/Genealogie_des_Dieux_grecs/categories/mythes-et-legendes/
https://genealogiedesdieuxgrecs.com/Genealogie_des_Dieux_grecs/Genealogie_des_Dieux_grecs/2011/03/cronos/
https://genealogiedesdieuxgrecs.com/Genealogie_des_Dieux_grecs/Genealogie_des_Dieux_grecs/2011/03/moires/
https://genealogiedesdieuxgrecs.com/Genealogie_des_Dieux_grecs/Genealogie_des_Dieux_grecs/2011/03/ares/
https://genealogiedesdieuxgrecs.com/images/L%E9gende.png
https://genealogiedesdieuxgrecs.com/Genealogie_des_Dieux_grecs/Genealogie_des_Dieux_grecs/2015/02/la-sexualite-des-divinites-grecques-episode-trois-asperger-de-sang/
https://genealogiedesdieuxgrecs.com/Genealogie_des_Dieux_grecs/Genealogie_des_Dieux_grecs/2011/03/hermes/
https://genealogiedesdieuxgrecs.com/Genealogie_des_Dieux_grecs/Genealogie_des_Dieux_grecs/2011/03/ilithye/
https://genealogiedesdieuxgrecs.com/Genealogie_des_Dieux_grecs/Genealogie_des_Dieux_grecs/contenu-du-site/
https://genealogiedesdieuxgrecs.com/Genealogie_des_Dieux_grecs/Genealogie_des_Dieux_grecs/2017/09/phaeton-fils-du-soleil-un-demi-dieu-peu-connu/
https://genealogiedesdieuxgrecs.com/Genealogie_des_Dieux_grecs/Genealogie_des_Dieux_grecs/2011/03/asteria/
https://genealogiedesdieuxgrecs.com/Genealogie_des_Dieux_grecs/Genealogie_des_Dieux_grecs/
https://genealogiedesdieuxgrecs.com/Genealogie_des_Dieux_grecs/Genealogie_des_Dieux_grecs/2011/03/merope/
https://genealogiedesdieuxgrecs.com/Genealogie_des_Dieux_grecs/Genealogie_des_Dieux_grecs/2015/10/jason-et-la-toison-dor/
https://genealogiedesdieuxgrecs.com/Genealogie_des_Dieux_grecs/Genealogie_des_Dieux_grecs/2012/10/aphrodite/
https://genealogiedesdieuxgrecs.com/Genealogie_des_Dieux_grecs/Genealogie_des_Dieux_grecs/2011/03/thetys/
https://genealogiedesdieuxgrecs.com/Genealogie_des_Dieux_grecs/Genealogie_des_Dieux_grecs/2018/01/baalbek-temple-grec-greco-romain-ruine-vestige-mythologie/
https://genealogiedesdieuxgrecs.com/Genealogie_des_Dieux_grecs/Genealogie_des_Dieux_grecs/2011/03/terpsichore/
https://genealogiedesdieuxgrecs.com/Genealogie_des_Dieux_grecs/Genealogie_des_Dieux_grecs/2018/04/les-histoires-damour-de-la-mythologie-grecque/
https://genealogiedesdieuxgrecs.com/Genealogie_des_Dieux_grecs/Genealogie_des_Dieux_grecs/2014/12/dedale-et-icare/
https://genealogiedesdieuxgrecs.com/Genealogie_des_Dieux_grecs/Genealogie_des_Dieux_grecs/2011/03/phorcys/
https://genealogiedesdieuxgrecs.com/Genealogie_des_Dieux_grecs/Genealogie_des_Dieux_grecs/2011/03/charon/
https://genealogiedesdieuxgrecs.com/Genealogie_des_Dieux_grecs/Genealogie_des_Dieux_grecs/2011/03/metis/
https://genealogiedesdieuxgrecs.com/Genealogie_des_Dieux_grecs/Genealogie_des_Dieux_grecs/2011/03/nyx/
https://genealogiedesdieuxgrecs.com/Genealogie_des_Dieux_grecs/Genealogie_des_Dieux_grecs/2011/03/demeter/
https://genealogiedesdieuxgrecs.com/Genealogie_des_Dieux_grecs/Genealogie_des_Dieux_grecs/2017/11/liste-titans-titanides-mythologie-grecque/
https://genealogiedesdieuxgrecs.com/Genealogie_des_Dieux_grecs/Genealogie_des_Dieux_grecs/categories/nymphes/
https://genealogiedesdieuxgrecs.com/Genealogie_des_Dieux_grecs/Genealogie_des_Dieux_grecs/2015/12/zeus-et-sa-descendance-avec-les-mortelles/
https://genealogiedesdieuxgrecs.com/Genealogie_des_Dieux_grecs/Genealogie_des_Dieux_grecs/2011/03/melpomene/
https://genealogiedesdieuxgrecs.com/Genealogie_des_Dieux_grecs/Genealogie_des_Dieux_grecs/2011/03/les-hesperides/
https://genealogiedesdieuxgrecs.com/Genealogie_des_Dieux_grecs/Genealogie_des_Dieux_grecs/categories/muse/
https://genealogiedesdieuxgrecs.com/Genealogie_des_Dieux_grecs/Genealogie_des_Dieux_grecs/2011/03/momos/
https://genealogiedesdieuxgrecs.com/Genealogie_des_Dieux_grecs/Genealogie_des_Dieux_grecs/categories/mortel/
https://genealogiedesdieuxgrecs.com/Genealogie_des_Dieux_grecs/Genealogie_des_Dieux_grecs/2011/03/les-erinynes/
https://genealogiedesdieuxgrecs.com/Genealogie_des_Dieux_grecs/Genealogie_des_Dieux_grecs/2011/03/artemis/
https://genealogiedesdieuxgrecs.com/Genealogie_des_Dieux_grecs/Genealogie_des_Dieux_grecs/categories/monstre/
https://genealogiedesdieuxgrecs.com/Genealogie_des_Dieux_grecs/Genealogie_des_Dieux_grecs/categories/culture-confiture/
https://genealogiedesdieuxgrecs.com/Genealogie_des_Dieux_grecs/Genealogie_des_Dieux_grecs/2011/03/pheobe/
https://genealogiedesdieuxgrecs.com/Genealogie_des_Dieux_grecs/Genealogie_des_Dieux_grecs/2015/12/zeus-descendance-titanides/
https://genealogiedesdieuxgrecs.com/Genealogie_des_Dieux_grecs/Genealogie_des_Dieux_grecs/2011/03/zeus/
https://genealogiedesdieuxgrecs.com/Genealogie_des_Dieux_grecs/Genealogie_des_Dieux_grecs/2019/11/liste-des-divinites-de-la-mythologie-grecque/
https://genealogiedesdieuxgrecs.com/Genealogie_des_Dieux_grecs/Genealogie_des_Dieux_grecs/2014/05/midas/
https://genealogiedesdieuxgrecs.com/Genealogie_des_Dieux_grecs/Genealogie_des_Dieux_grecs/2011/03/sisyphe/
https://genealogiedesdieuxgrecs.com/Genealogie_des_Dieux_grecs/Genealogie_des_Dieux_grecs/2011/03/chaos/
https://genealogiedesdieuxgrecs.com/Genealogie_des_Dieux_grecs/wp-content/uploads/2018/07/LucaGiordano1634-1705LejugementdeParis1685-18686GalleriaPallaviciniRome.jpg
https://genealogiedesdieuxgrecs.com/Genealogie_des_Dieux_grecs/Genealogie_des_Dieux_grecs/2017/10/une-histoire-daraignee/
https://genealogiedesdieuxgrecs.com/Genealogie_des_Dieux_grecs/Genealogie_des_Dieux_grecs/2011/03/eole/
https://genealogiedesdieuxgrecs.com/Genealogie_des_Dieux_grecs/Genealogie_des_Dieux_grecs/2017/01/liste-deesses-dieux-mythologie-grecque/
https://genealogiedesdieuxgrecs.com/Genealogie_des_Dieux_grecs/Genealogie_des_Dieux_grecs/2011/03/uranie/
https://genealogiedesdieuxgrecs.com/Genealogie_des_Dieux_grecs/Genealogie_des_Dieux_grecs/2011/03/eos/
https://genealogiedesdieuxgrecs.com/Genealogie_des_Dieux_grecs/Genealogie_des_Dieux_grecs/2015/12/zeus-et-sa-descendance-avec-les-deesses/
https://genealogiedesdieuxgrecs.com/Genealogie_des_Dieux_grecs/Genealogie_des_Dieux_grecs/contact/
https://genealogiedesdieuxgrecs.com/Genealogie_des_Dieux_grecs/Genealogie_des_Dieux_grecs/2011/03/hemera/
https://genealogiedesdieuxgrecs.com/Genealogie_des_Dieux_grecs/Genealogie_des_Dieux_grecs/2011/03/pyrrha/
https://genealogiedesdieuxgrecs.com/Genealogie_des_Dieux_grecs/Genealogie_des_Dieux_grecs/categories/heros/
https://genealogiedesdieuxgrecs.com/Genealogie_des_Dieux_grecs/Genealogie_des_Dieux_grecs/2021/04/mesperyian-fille-de-dieu-mais-pas-deesse/
https://genealogiedesdieuxgrecs.com/Genealogie_des_Dieux_grecs/Genealogie_des_Dieux_grecs/2011/03/ocean/
https://genealogiedesdieuxgrecs.com/Genealogie_des_Dieux_grecs/Genealogie_des_Dieux_grecs/2011/03/rhea/
https://genealogiedesdieuxgrecs.com/Genealogie_des_Dieux_grecs/Genealogie_des_Dieux_grecs/2011/03/hera/
https://genealogiedesdieuxgrecs.com/Genealogie_des_Dieux_grecs/Genealogie_des_Dieux_grecs/2011/03/theia/
https://genealogiedesdieuxgrecs.com/Genealogie_des_Dieux_grecs/Genealogie_des_Dieux_grecs/2014/04/les-amazones/
https://genealogiedesdieuxgrecs.com/Genealogie_des_Dieux_grecs/Genealogie_des_Dieux_grecs/2011/03/hyperion/
https://genealogiedesdieuxgrecs.com/Genealogie_des_Dieux_grecs/Genealogie_des_Dieux_grecs/2011/03/hecate/
https://genealogiedesdieuxgrecs.com/Genealogie_des_Dieux_grecs/Genealogie_des_Dieux_grecs/2011/03/les-geants/
https://genealogiedesdieuxgrecs.com/Genealogie_des_Dieux_grecs/Genealogie_des_Dieux_grecs/2011/03/hephaistos/
https://genealogiedesdieuxgrecs.com/Genealogie_des_Dieux_grecs/Genealogie_des_Dieux_grecs/2011/03/les-hommes/
https://genealogiedesdieuxgrecs.com/Genealogie_des_Dieux_grecs/Genealogie_des_Dieux_grecs/2017/10/les-creatures-de-la-mythologie-grecque/
https://genealogiedesdieuxgrecs.com/Genealogie_des_Dieux_grecs/Genealogie_des_Dieux_grecs/2018/08/la-sexualite-des-divinites-grecques-episode-quatre-un-roi-et-laurore/
https://genealogiedesdieuxgrecs.com/Genealogie_des_Dieux_grecs/Genealogie_des_Dieux_grecs/2011/03/erebe/
https://genealogiedesdieuxgrecs.com/Genealogie_des_Dieux_grecs/Genealogie_des_Dieux_grecs/2011/03/hebe/
https://genealogiedesdieuxgrecs.com/Genealogie_des_Dieux_grecs/genealogie-des-divinites-grecques.html
https://genealogiedesdieuxgrecs.com/Genealogie_des_Dieux_grecs/Genealogie_des_Dieux_grecs/2011/03/les-hecatonchires/
https://genealogiedesdieuxgrecs.com/Genealogie_des_Dieux_grecs/Genealogie_des_Dieux_grecs/2011/03/mnemosyne/
https://genealogiedesdieuxgrecs.com/Genealogie_des_Dieux_grecs/Genealogie_des_Dieux_grecs/2011/03/eros/
https://genealogiedesdieuxgrecs.com/Genealogie_des_Dieux_grecs/Genealogie_des_Dieux_grecs/categories/oceanide/
https://genealogiedesdieuxgrecs.com/Genealogie_des_Dieux_grecs/Genealogie_des_Dieux_grecs/2011/03/les-cyclopes/
https://genealogiedesdieuxgrecs.com/Genealogie_des_Dieux_grecs/Genealogie_des_Dieux_grecs/2019/04/narcisse-et-echo-mythologie/
https://genealogiedesdieuxgrecs.com/Genealogie_des_Dieux_grecs/Genealogie_des_Dieux_grecs/2011/03/calliope/
https://genealogiedesdieuxgrecs.com/Genealogie_des_Dieux_grecs/Genealogie_des_Dieux_grecs/2011/03/clio/
https://genealogiedesdieuxgrecs.com/Genealogie_des_Dieux_grecs/Genealogie_des_Dieux_grecs/2011/03/les-gorgones/
https://genealogiedesdieuxgrecs.com/Genealogie_des_Dieux_grecs/Genealogie_des_Dieux_grecs/2011/03/oizes/
https://genealogiedesdieuxgrecs.com/Genealogie_des_Dieux_grecs/Genealogie_des_Dieux_grecs/2011/03/moros/
https://genealogiedesdieuxgrecs.com/Genealogie_des_Dieux_grecs/Genealogie_des_Dieux_grecs/2011/03/lyssa/
https://genealogiedesdieuxgrecs.com/Genealogie_des_Dieux_grecs/Genealogie_des_Dieux_grecs/2011/03/pan/
https://genealogiedesdieuxgrecs.com/Genealogie_des_Dieux_grecs/Genealogie_des_Dieux_grecs/categories/divinite-mineure/
https://genealogiedesdieuxgrecs.com/Genealogie_des_Dieux_grecs/Genealogie_des_Dieux_grecs/2011/03/les-mille-oneiroi/
https://genealogiedesdieuxgrecs.com/Genealogie_des_Dieux_grecs/Genealogie_des_Dieux_grecs/2011/03/moira/
https://genealogiedesdieuxgrecs.com/Genealogie_des_Dieux_grecs/Genealogie_des_Dieux_grecs/2013/05/les-philosophes-grecs/
https://genealogiedesdieuxgrecs.com/Genealogie_des_Dieux_grecs/Genealogie_des_Dieux_grecs/categories/primordial/
https://genealogiedesdieuxgrecs.com/Genealogie_des_Dieux_grecs/Genealogie_des_Dieux_grecs/2011/03/heracles/
https://genealogiedesdieuxgrecs.com/Genealogie_des_Dieux_grecs/Genealogie_des_Dieux_grecs/2011/02/classification-des-personnages-de-la-mythologies-grecque/
https://genealogiedesdieuxgrecs.com/Genealogie_des_Dieux_grecs/Genealogie_des_Dieux_grecs/2013/06/representation-des-conquetes-de-zeus-et-de-sa-descendance/
https://genealogiedesdieuxgrecs.com/Genealogie_des_Dieux_grecs/Genealogie_des_Dieux_grecs/2011/03/dolos/
https://genealogiedesdieuxgrecs.com/Genealogie_des_Dieux_grecs/Genealogie_des_Dieux_grecs/2014/12/la-sexualite-des-dieux-grecs-episode-zero/
https://genealogiedesdieuxgrecs.com/Genealogie_des_Dieux_grecs/Genealogie_des_Dieux_grecs/2011/03/crios/

Terminé — 2026-07-15 16:01:01 —
Temps total effectif : 48s
Téléchargés : 20 fichiers, 317K en 0,08s (3,72 MB/s)
